[2016.02.20-05.52.18:361][  0]Log file open, 02/20/16 00:52:18
[2016.02.20-05.52.18:361][  0]LogInit:Display: Running engine for game: Felinity
[2016.02.20-05.52.18:361][  0]LogPlatformFile: Not using cached read wrapper
[2016.02.20-05.52.18:361][  0]LogInit:Display: RandInit(-1953852225) SRandInit(-1953852224).
[2016.02.20-05.52.18:361][  0]LogTaskGraph: Started task graph with 4 named threads and 7 total threads.
[2016.02.20-05.52.18:361][  0]LogStats: Stats thread started at 0.073071
[2016.02.20-05.52.18:361][  0]LogInit: Version: 4.10.3-2866931+++depot+UE4-Releases+4.10
[2016.02.20-05.52.18:362][  0]LogInit: API Version: 2758231
[2016.02.20-05.52.18:362][  0]LogInit: Compiled (64-bit): Feb 15 2016 08:20:45
[2016.02.20-05.52.18:362][  0]LogInit: Compiled with Visual C++: 19.00.23026.00
[2016.02.20-05.52.18:362][  0]LogInit: Build Configuration: Development
[2016.02.20-05.52.18:362][  0]LogInit: Branch Name: ++depot+UE4-Releases+4.10
[2016.02.20-05.52.18:362][  0]LogInit: Command line: 
[2016.02.20-05.52.18:362][  0]LogInit: Base directory: C:/Program Files (x86)/Epic Games/4.10/Engine/Binaries/Win64/
[2016.02.20-05.52.18:362][  0]LogInit: Rocket: 1
[2016.02.20-05.52.18:366][  0]LogInit: Using libcurl 7.41.0
[2016.02.20-05.52.18:366][  0]LogInit:  - built for x86_64-pc-win32
[2016.02.20-05.52.18:366][  0]LogInit:  - supports SSL with WinSSL
[2016.02.20-05.52.18:366][  0]LogInit:  - other features:
[2016.02.20-05.52.18:366][  0]LogInit:      CURL_VERSION_SSL
[2016.02.20-05.52.18:366][  0]LogInit:      CURL_VERSION_IPV6
[2016.02.20-05.52.18:366][  0]LogInit:      CURL_VERSION_ASYNCHDNS
[2016.02.20-05.52.18:366][  0]LogInit:      CURL_VERSION_LARGEFILE
[2016.02.20-05.52.18:366][  0]LogInit:      CURL_VERSION_IDN
[2016.02.20-05.52.18:366][  0]LogInit:  CurlRequestOptions (configurable via config and command line):
[2016.02.20-05.52.18:366][  0]LogInit:  - bVerifyPeer = true  - Libcurl will verify peer certificate
[2016.02.20-05.52.18:366][  0]LogInit:  - bUseHttpProxy = false  - Libcurl will NOT use HTTP proxy
[2016.02.20-05.52.18:366][  0]LogInit:  - bDontReuseConnections = false  - Libcurl will reuse connections
[2016.02.20-05.52.18:366][  0]LogInit:  - CertBundlePath = nullptr  - Libcurl will use whatever was configured at build time.
[2016.02.20-05.52.18:370][  0]LogInit: Presizing for 0 objects not considered by GC, pre-allocating 0 bytes.
[2016.02.20-05.52.18:376][  0]LogInit: Object subsystem initialized
[2016.02.20-05.52.18:379][  0]LogInit: Selected Device Profile: [Windows]
[2016.02.20-05.52.18:379][  0]LogInit: Applying CVar settings loaded from the selected device profile: [Windows]
[2016.02.20-05.52.18:386][  0]LogInit: Computer: DESKTOP-PBSQSIS
[2016.02.20-05.52.18:386][  0]LogInit: User: Ben
[2016.02.20-05.52.18:386][  0]LogInit: CPU Page size=4096, Cores=4
[2016.02.20-05.52.18:386][  0]LogInit: High frequency timer resolution =2.533208 MHz
[2016.02.20-05.52.18:386][  0]LogMemory: Memory total: Physical=15.9GB (16GB approx)
[2016.02.20-05.52.18:386][  0]LogMemory: Platform Memory Stats for Windows
[2016.02.20-05.52.18:386][  0]LogMemory: Process Physical Memory: 55.88 MB used, 55.88 MB peak
[2016.02.20-05.52.18:386][  0]LogMemory: Process Virtual Memory: 56.69 MB used, 56.69 MB peak
[2016.02.20-05.52.18:386][  0]LogMemory: Physical Memory: 3039.13 MB used, 16296.27 MB total
[2016.02.20-05.52.18:386][  0]LogMemory: Virtual Memory: 386.04 MB used, 134217728.00 MB total
[2016.02.20-05.52.18:412][  0]LogTextLocalizationManager: No specific translations for ('en-US') exist, so ('en') translations will be used.
[2016.02.20-05.52.18:829][  0]LogD3D11RHI: Found D3D11 adapter 0: NVIDIA GeForce GTX 860M  (Feature Level 11_0)
[2016.02.20-05.52.18:829][  0]LogD3D11RHI: Adapter has 1995MB of dedicated video memory, 0MB of dedicated system memory, and 8148MB of shared system memory, 1 output[s]
[2016.02.20-05.52.18:834][  0]LogD3D11RHI: Found D3D11 adapter 1: Intel(R) HD Graphics 4600 (Feature Level 11_0)
[2016.02.20-05.52.18:834][  0]LogD3D11RHI: Adapter has 112MB of dedicated video memory, 0MB of dedicated system memory, and 8148MB of shared system memory, 0 output[s]
[2016.02.20-05.52.18:835][  0]LogD3D11RHI: Found D3D11 adapter 2: Microsoft Basic Render Driver (Feature Level 11_0)
[2016.02.20-05.52.18:835][  0]LogD3D11RHI: Adapter has 0MB of dedicated video memory, 0MB of dedicated system memory, and 8148MB of shared system memory, 0 output[s]
[2016.02.20-05.52.18:835][  0]LogD3D11RHI: Chosen D3D11 Adapter Id = 0
[2016.02.20-05.52.18:838][  0]LogD3D11RHI: !Direct3DDevice
[2016.02.20-05.52.18:838][  0]LogRHI: Texture pool is 1361 MB (70% of 1945 MB)
[2016.02.20-05.52.18:849][  0]LogD3D11RHI: Async texture creation enabled
[2016.02.20-05.52.18:867][  0]LogShaderCompilers: Guid format shader working directory is -18 characters bigger than the processId version (../../../../../../Users/Ben/Documents/Unreal Projects/Felinity/Intermediate/Shaders/WorkingDirectory/4364/).
[2016.02.20-05.52.18:867][  0]LogShaderCompilers: Cleaned the shader compiler working directory 'C:/Users/Ben/AppData/Local/Temp/UnrealShaderWorkingDir/DAEE32804B8AD61AC010768B3E333B95/'.
[2016.02.20-05.52.18:867][  0]LogShaderCompilers:Display: Using Local Shader Compiler.
[2016.02.20-05.52.19:540][  0]LogTemp:Display: Loaded TP AllDesktopTargetPlatform
[2016.02.20-05.52.19:543][  0]LogTemp:Display: Loaded TP WindowsClientTargetPlatform
[2016.02.20-05.52.19:546][  0]LogTemp:Display: Loaded TP WindowsNoEditorTargetPlatform
[2016.02.20-05.52.19:550][  0]LogTemp:Display: Loaded TP WindowsServerTargetPlatform
[2016.02.20-05.52.19:553][  0]LogTemp:Display: Loaded TP WindowsTargetPlatform
[2016.02.20-05.52.19:555][  0]LogTemp:Display: Loaded TP AndroidTargetPlatform
[2016.02.20-05.52.19:559][  0]LogTemp:Display: Loaded TP Android_ASTCTargetPlatform
[2016.02.20-05.52.19:562][  0]LogTemp:Display: Loaded TP Android_ATCTargetPlatform
[2016.02.20-05.52.19:565][  0]LogTemp:Display: Loaded TP Android_DXTTargetPlatform
[2016.02.20-05.52.19:568][  0]LogTemp:Display: Loaded TP Android_ETC1TargetPlatform
[2016.02.20-05.52.19:570][  0]LogTemp:Display: Loaded TP Android_ETC2TargetPlatform
[2016.02.20-05.52.19:575][  0]LogTemp:Display: Loaded TP Android_MultiTargetPlatform
[2016.02.20-05.52.19:575][  0]LogTemp:Display: Loaded TP Android_PVRTCTargetPlatform
[2016.02.20-05.52.19:576][  0]LogTemp:Display: Loaded TP HTML5TargetPlatform
[2016.02.20-05.52.19:592][  0]LogTemp:Display: Loaded TP IOSTargetPlatform
[2016.02.20-05.52.19:595][  0]LogTemp:Display: Loaded TP LinuxNoEditorTargetPlatform
[2016.02.20-05.52.19:597][  0]LogTemp:Display: Loaded TP LinuxServerTargetPlatform
[2016.02.20-05.52.19:600][  0]LogTemp:Display: Loaded TP LinuxTargetPlatform
[2016.02.20-05.52.19:600][  0]LogTargetPlatformManager:Display: Building Assets For Windows
[2016.02.20-05.52.19:655][  0]LogDerivedDataCache:Display: Max Cache Size: 512 MB
[2016.02.20-05.52.19:701][  0]LogDerivedDataCache: Loaded boot cache 0.05s 41MB C:/Users/Ben/AppData/Local/UnrealEngine/4.10/DerivedDataCache/Boot.ddc.
[2016.02.20-05.52.19:701][  0]LogDerivedDataCache:Display: Loaded Boot cache: C:/Users/Ben/AppData/Local/UnrealEngine/4.10/DerivedDataCache/Boot.ddc
[2016.02.20-05.52.19:701][  0]LogDerivedDataCache: FDerivedDataBackendGraph:  Pak pak cache file ../../../../../../Users/Ben/Documents/Unreal Projects/Felinity/DerivedDataCache/DDC.ddp not found, will not use a pak cache.
[2016.02.20-05.52.19:701][  0]LogDerivedDataCache: Unable to find inner node Pak for hierarchical cache Hierarchy.
[2016.02.20-05.52.19:701][  0]LogDerivedDataCache: FDerivedDataBackendGraph:  CompressedPak pak cache file ../../../../../../Users/Ben/Documents/Unreal Projects/Felinity/DerivedDataCache/Compressed.ddp not found, will not use a pak cache.
[2016.02.20-05.52.19:701][  0]LogDerivedDataCache: Unable to find inner node CompressedPak for hierarchical cache Hierarchy.
[2016.02.20-05.52.19:753][  0]LogDerivedDataCache:Display: Pak cache opened for reading ../../../Engine/DerivedDataCache/Compressed.ddp.
[2016.02.20-05.52.19:765][  0]LogDerivedDataCache: Using Local data cache path C:/Users/Ben/AppData/Local/UnrealEngine/Common/DerivedDataCache: Writable
[2016.02.20-05.52.19:918][  0]LogInit: Selected Device Profile: [Windows]
[2016.02.20-05.52.19:919][  0]LogContentStreaming: Texture pool size is 0.000000MB
[2016.02.20-05.52.20:010][  0]LogMeshUtilities: No automatic mesh reduction module available
[2016.02.20-05.52.20:010][  0]LogMeshUtilities: No automatic mesh merging module available
[2016.02.20-05.52.20:188][  0]LogInit: WinSock: version 1.1 (2.2), MaxSocks=32767, MaxUdp=65467
[2016.02.20-05.52.20:834][  0]UdpMessaging: Initializing bridge on interface 0.0.0.0:0 to multicast group 230.0.0.1:6666.
[2016.02.20-05.52.20:951][  0]LogAssetRegistry: FAssetRegistry took 0.0109 seconds to start up
[2016.02.20-05.52.21:072][  0]SourceControl: Info Source control is disabled
[2016.02.20-05.52.21:102][  0]SourceControl: Info Source control is disabled
[2016.02.20-05.52.21:108][  0]SourceControl: Info Source control is disabled
[2016.02.20-05.52.21:115][  0]SourceControl: Info Source control is disabled
[2016.02.20-05.52.21:266][  0]LogObj: 28633 objects as part of root set at end of initial load.
[2016.02.20-05.52.21:266][  0]LogUObjectAllocator: 6099744 out of 0 bytes used by permanent object pool.
[2016.02.20-05.52.21:317][  0]LogEngine: Initializing Engine...
[2016.02.20-05.52.21:318][  0]LogHMD: Can't find Oculus library dev build: is proper Runtime installed? Version: 0.8.0.0
[2016.02.20-05.52.21:319][  0]LogHMD: SteamVR failed to initialize.  Err: 110
[2016.02.20-05.52.21:424][  0]LogAIModule: Creating AISystem for world NewWorld
[2016.02.20-05.52.21:427][  0]LogInit: XAudio2 using 'Speakers (Realtek High Definition Audio)' : 2 channels at 48 kHz using 32 bits per sample (channel mask 0x3)
[2016.02.20-05.52.21:450][  0]LogInit: FAudioDevice initialized.
[2016.02.20-05.52.21:470][  0]LogDerivedDataCache: Saved boot cache 0.02s 41MB C:/Users/Ben/AppData/Local/UnrealEngine/4.10/DerivedDataCache/Boot.ddc.
[2016.02.20-05.52.21:474][  0]LogInit: Texture streaming: Enabled
[2016.02.20-05.52.21:478][  0]LogAnalytics: Creating configured Analytics provider AnalyticsET
[2016.02.20-05.52.21:479][  0]LogAnalytics: [UEEditor.Rocket.Release] APIServer = http://et2.epicgames.com/ET2/. AppVersion = 4.10.3-2866931+++depot+UE4-Releases+4.10
[2016.02.20-05.52.21:479][  0]LogAnalytics: [UEEditor.Rocket.Release] SetUserId 3a49ac8b488077493ce8b79966211c06|b191d5f2dc6e4e859ffa049734917e06|219da07c-fded-45ad-89f9-d51e8d6dde86
[2016.02.20-05.52.21:479][  0]LogAnalytics: [UEEditor.Rocket.Release] AnalyticsET::StartSession
[2016.02.20-05.52.21:486][  0]LogInit: Transaction tracking system initialized
[2016.02.20-05.52.21:505][  0]BlueprintLog: New page: Editor Load
[2016.02.20-05.52.21:778][  0]LocalizationService: Info Localization service is disabled
[2016.02.20-05.52.21:898][  0]LogConsoleResponse:Display: 
[2016.02.20-05.52.21:990][  0]LogCook:Display: Done creating registry. It took  0.00s.
[2016.02.20-05.52.22:048][  0]LogFileCache: Scanning file cache for directory 'C:/Users/Ben/Documents/Unreal Projects/Felinity/Content/' took 0.01s
[2016.02.20-05.52.22:048][  0]SourceControl: Info Source control is disabled
[2016.02.20-05.52.22:049][  0]LogFactory: FactoryCreateBinary: PackFactory with PackFactory (0 0 C:/Program Files (x86)/Epic Games/4.10/FeaturePacks/StarterContent.upack)
[2016.02.20-05.52.22:058][  0]LogPackFactory: Finished extracting 8 files (including 0 errors).
[2016.02.20-05.52.22:065][  0]LogPackFactory: Copied "../../../Samples/StarterContent/Content/StarterContent/Architecture/Floor_400x400.uasset" to "../../../../../../Users/Ben/Documents/Unreal Projects/Felinity/Content/StarterContent/Architecture/Floor_400x400.uasset"
[2016.02.20-05.52.22:070][  0]LogPackFactory: Copied "../../../Samples/StarterContent/Content/StarterContent/Architecture/Pillar_50x500.uasset" to "../../../../../../Users/Ben/Documents/Unreal Projects/Felinity/Content/StarterContent/Architecture/Pillar_50x500.uasset"
[2016.02.20-05.52.22:076][  0]LogPackFactory: Copied "../../../Samples/StarterContent/Content/StarterContent/Architecture/SM_AssetPlatform.uasset" to "../../../../../../Users/Ben/Documents/Unreal Projects/Felinity/Content/StarterContent/Architecture/SM_AssetPlatform.uasset"
[2016.02.20-05.52.22:081][  0]LogPackFactory: Copied "../../../Samples/StarterContent/Content/StarterContent/Architecture/Wall_400x200.uasset" to "../../../../../../Users/Ben/Documents/Unreal Projects/Felinity/Content/StarterContent/Architecture/Wall_400x200.uasset"
[2016.02.20-05.52.22:088][  0]LogPackFactory: Copied "../../../Samples/StarterContent/Content/StarterContent/Architecture/Wall_400x300.uasset" to "../../../../../../Users/Ben/Documents/Unreal Projects/Felinity/Content/StarterContent/Architecture/Wall_400x300.uasset"
[2016.02.20-05.52.22:093][  0]LogPackFactory: Copied "../../../Samples/StarterContent/Content/StarterContent/Architecture/Wall_400x400.uasset" to "../../../../../../Users/Ben/Documents/Unreal Projects/Felinity/Content/StarterContent/Architecture/Wall_400x400.uasset"
[2016.02.20-05.52.22:098][  0]LogPackFactory: Copied "../../../Samples/StarterContent/Content/StarterContent/Architecture/Wall_500x500.uasset" to "../../../../../../Users/Ben/Documents/Unreal Projects/Felinity/Content/StarterContent/Architecture/Wall_500x500.uasset"
[2016.02.20-05.52.22:104][  0]LogPackFactory: Copied "../../../Samples/StarterContent/Content/StarterContent/Architecture/Wall_Door_400x300.uasset" to "../../../../../../Users/Ben/Documents/Unreal Projects/Felinity/Content/StarterContent/Architecture/Wall_Door_400x300.uasset"
[2016.02.20-05.52.22:109][  0]LogPackFactory: Copied "../../../Samples/StarterContent/Content/StarterContent/Architecture/Wall_Door_400x400.uasset" to "../../../../../../Users/Ben/Documents/Unreal Projects/Felinity/Content/StarterContent/Architecture/Wall_Door_400x400.uasset"
[2016.02.20-05.52.22:114][  0]LogPackFactory: Copied "../../../Samples/StarterContent/Content/StarterContent/Architecture/Wall_Window_400x300.uasset" to "../../../../../../Users/Ben/Documents/Unreal Projects/Felinity/Content/StarterContent/Architecture/Wall_Window_400x300.uasset"
[2016.02.20-05.52.22:119][  0]LogPackFactory: Copied "../../../Samples/StarterContent/Content/StarterContent/Architecture/Wall_Window_400x400.uasset" to "../../../../../../Users/Ben/Documents/Unreal Projects/Felinity/Content/StarterContent/Architecture/Wall_Window_400x400.uasset"
[2016.02.20-05.52.22:126][  0]LogPackFactory: Copied "../../../Samples/StarterContent/Content/StarterContent/Audio/Collapse01.uasset" to "../../../../../../Users/Ben/Documents/Unreal Projects/Felinity/Content/StarterContent/Audio/Collapse01.uasset"
[2016.02.20-05.52.22:132][  0]LogPackFactory: Copied "../../../Samples/StarterContent/Content/StarterContent/Audio/Collapse02.uasset" to "../../../../../../Users/Ben/Documents/Unreal Projects/Felinity/Content/StarterContent/Audio/Collapse02.uasset"
[2016.02.20-05.52.22:135][  0]LogPackFactory: Copied "../../../Samples/StarterContent/Content/StarterContent/Audio/Collapse_Cue.uasset" to "../../../../../../Users/Ben/Documents/Unreal Projects/Felinity/Content/StarterContent/Audio/Collapse_Cue.uasset"
[2016.02.20-05.52.22:141][  0]LogPackFactory: Copied "../../../Samples/StarterContent/Content/StarterContent/Audio/Explosion01.uasset" to "../../../../../../Users/Ben/Documents/Unreal Projects/Felinity/Content/StarterContent/Audio/Explosion01.uasset"
[2016.02.20-05.52.22:152][  0]LogPackFactory: Copied "../../../Samples/StarterContent/Content/StarterContent/Audio/Explosion02.uasset" to "../../../../../../Users/Ben/Documents/Unreal Projects/Felinity/Content/StarterContent/Audio/Explosion02.uasset"
[2016.02.20-05.52.22:163][  0]LogPackFactory: Copied "../../../Samples/StarterContent/Content/StarterContent/Audio/Explosion_Cue.uasset" to "../../../../../../Users/Ben/Documents/Unreal Projects/Felinity/Content/StarterContent/Audio/Explosion_Cue.uasset"
[2016.02.20-05.52.22:169][  0]LogPackFactory: Copied "../../../Samples/StarterContent/Content/StarterContent/Audio/Fire01.uasset" to "../../../../../../Users/Ben/Documents/Unreal Projects/Felinity/Content/StarterContent/Audio/Fire01.uasset"
[2016.02.20-05.52.22:172][  0]LogPackFactory: Copied "../../../Samples/StarterContent/Content/StarterContent/Audio/Fire01_Cue.uasset" to "../../../../../../Users/Ben/Documents/Unreal Projects/Felinity/Content/StarterContent/Audio/Fire01_Cue.uasset"
[2016.02.20-05.52.22:180][  0]LogPackFactory: Copied "../../../Samples/StarterContent/Content/StarterContent/Audio/Fire_Sparks01.uasset" to "../../../../../../Users/Ben/Documents/Unreal Projects/Felinity/Content/StarterContent/Audio/Fire_Sparks01.uasset"
[2016.02.20-05.52.22:183][  0]LogPackFactory: Copied "../../../Samples/StarterContent/Content/StarterContent/Audio/Fire_Sparks01_Cue.uasset" to "../../../../../../Users/Ben/Documents/Unreal Projects/Felinity/Content/StarterContent/Audio/Fire_Sparks01_Cue.uasset"
[2016.02.20-05.52.22:189][  0]LogPackFactory: Copied "../../../Samples/StarterContent/Content/StarterContent/Audio/Light01.uasset" to "../../../../../../Users/Ben/Documents/Unreal Projects/Felinity/Content/StarterContent/Audio/Light01.uasset"
[2016.02.20-05.52.22:192][  0]LogPackFactory: Copied "../../../Samples/StarterContent/Content/StarterContent/Audio/Light01_Cue.uasset" to "../../../../../../Users/Ben/Documents/Unreal Projects/Felinity/Content/StarterContent/Audio/Light01_Cue.uasset"
[2016.02.20-05.52.22:203][  0]LogPackFactory: Copied "../../../Samples/StarterContent/Content/StarterContent/Audio/Light02.uasset" to "../../../../../../Users/Ben/Documents/Unreal Projects/Felinity/Content/StarterContent/Audio/Light02.uasset"
[2016.02.20-05.52.22:207][  0]LogPackFactory: Copied "../../../Samples/StarterContent/Content/StarterContent/Audio/Light02_Cue.uasset" to "../../../../../../Users/Ben/Documents/Unreal Projects/Felinity/Content/StarterContent/Audio/Light02_Cue.uasset"
[2016.02.20-05.52.22:215][  0]LogPackFactory: Copied "../../../Samples/StarterContent/Content/StarterContent/Audio/Smoke01.uasset" to "../../../../../../Users/Ben/Documents/Unreal Projects/Felinity/Content/StarterContent/Audio/Smoke01.uasset"
[2016.02.20-05.52.22:218][  0]LogPackFactory: Copied "../../../Samples/StarterContent/Content/StarterContent/Audio/Smoke01_Cue.uasset" to "../../../../../../Users/Ben/Documents/Unreal Projects/Felinity/Content/StarterContent/Audio/Smoke01_Cue.uasset"
[2016.02.20-05.52.22:234][  0]LogPackFactory: Copied "../../../Samples/StarterContent/Content/StarterContent/Audio/Starter_Background_Cue.uasset" to "../../../../../../Users/Ben/Documents/Unreal Projects/Felinity/Content/StarterContent/Audio/Starter_Background_Cue.uasset"
[2016.02.20-05.52.22:246][  0]LogPackFactory: Copied "../../../Samples/StarterContent/Content/StarterContent/Audio/Starter_Birds01.uasset" to "../../../../../../Users/Ben/Documents/Unreal Projects/Felinity/Content/StarterContent/Audio/Starter_Birds01.uasset"
[2016.02.20-05.52.22:273][  0]LogPackFactory: Copied "../../../Samples/StarterContent/Content/StarterContent/Audio/Starter_Music01.uasset" to "../../../../../../Users/Ben/Documents/Unreal Projects/Felinity/Content/StarterContent/Audio/Starter_Music01.uasset"
[2016.02.20-05.52.22:276][  0]LogPackFactory: Copied "../../../Samples/StarterContent/Content/StarterContent/Audio/Starter_Music_Cue.uasset" to "../../../../../../Users/Ben/Documents/Unreal Projects/Felinity/Content/StarterContent/Audio/Starter_Music_Cue.uasset"
[2016.02.20-05.52.22:288][  0]LogPackFactory: Copied "../../../Samples/StarterContent/Content/StarterContent/Audio/Starter_Wind05.uasset" to "../../../../../../Users/Ben/Documents/Unreal Projects/Felinity/Content/StarterContent/Audio/Starter_Wind05.uasset"
[2016.02.20-05.52.22:299][  0]LogPackFactory: Copied "../../../Samples/StarterContent/Content/StarterContent/Audio/Starter_Wind06.uasset" to "../../../../../../Users/Ben/Documents/Unreal Projects/Felinity/Content/StarterContent/Audio/Starter_Wind06.uasset"
[2016.02.20-05.52.22:306][  0]LogPackFactory: Copied "../../../Samples/StarterContent/Content/StarterContent/Audio/Steam01.uasset" to "../../../../../../Users/Ben/Documents/Unreal Projects/Felinity/Content/StarterContent/Audio/Steam01.uasset"
[2016.02.20-05.52.22:308][  0]LogPackFactory: Copied "../../../Samples/StarterContent/Content/StarterContent/Audio/Steam01_Cue.uasset" to "../../../../../../Users/Ben/Documents/Unreal Projects/Felinity/Content/StarterContent/Audio/Steam01_Cue.uasset"
[2016.02.20-05.52.22:314][  0]LogPackFactory: Copied "../../../Samples/StarterContent/Content/StarterContent/Blueprints/Blueprint_CeilingLight.uasset" to "../../../../../../Users/Ben/Documents/Unreal Projects/Felinity/Content/StarterContent/Blueprints/Blueprint_CeilingLight.uasset"
[2016.02.20-05.52.22:318][  0]LogPackFactory: Copied "../../../Samples/StarterContent/Content/StarterContent/Blueprints/Blueprint_Effect_Explosion.uasset" to "../../../../../../Users/Ben/Documents/Unreal Projects/Felinity/Content/StarterContent/Blueprints/Blueprint_Effect_Explosion.uasset"
[2016.02.20-05.52.22:323][  0]LogPackFactory: Copied "../../../Samples/StarterContent/Content/StarterContent/Blueprints/Blueprint_Effect_Fire.uasset" to "../../../../../../Users/Ben/Documents/Unreal Projects/Felinity/Content/StarterContent/Blueprints/Blueprint_Effect_Fire.uasset"
[2016.02.20-05.52.22:328][  0]LogPackFactory: Copied "../../../Samples/StarterContent/Content/StarterContent/Blueprints/Blueprint_Effect_Smoke.uasset" to "../../../../../../Users/Ben/Documents/Unreal Projects/Felinity/Content/StarterContent/Blueprints/Blueprint_Effect_Smoke.uasset"
[2016.02.20-05.52.22:334][  0]LogPackFactory: Copied "../../../Samples/StarterContent/Content/StarterContent/Blueprints/Blueprint_Effect_Sparks.uasset" to "../../../../../../Users/Ben/Documents/Unreal Projects/Felinity/Content/StarterContent/Blueprints/Blueprint_Effect_Sparks.uasset"
[2016.02.20-05.52.22:338][  0]LogPackFactory: Copied "../../../Samples/StarterContent/Content/StarterContent/Blueprints/Blueprint_Effect_Steam.uasset" to "../../../../../../Users/Ben/Documents/Unreal Projects/Felinity/Content/StarterContent/Blueprints/Blueprint_Effect_Steam.uasset"
[2016.02.20-05.52.22:344][  0]LogPackFactory: Copied "../../../Samples/StarterContent/Content/StarterContent/Blueprints/Blueprint_WallSconce.uasset" to "../../../../../../Users/Ben/Documents/Unreal Projects/Felinity/Content/StarterContent/Blueprints/Blueprint_WallSconce.uasset"
[2016.02.20-05.52.22:349][  0]LogPackFactory: Copied "../../../Samples/StarterContent/Content/StarterContent/Blueprints/BP_LightStudio.uasset" to "../../../../../../Users/Ben/Documents/Unreal Projects/Felinity/Content/StarterContent/Blueprints/BP_LightStudio.uasset"
[2016.02.20-05.52.22:352][  0]LogPackFactory: Copied "../../../Samples/StarterContent/Content/StarterContent/Blueprints/Assets/FogBrightnessLUT.uasset" to "../../../../../../Users/Ben/Documents/Unreal Projects/Felinity/Content/StarterContent/Blueprints/Assets/FogBrightnessLUT.uasset"
[2016.02.20-05.52.22:357][  0]LogPackFactory: Copied "../../../Samples/StarterContent/Content/StarterContent/Blueprints/Assets/M_LightStage_Arrows.uasset" to "../../../../../../Users/Ben/Documents/Unreal Projects/Felinity/Content/StarterContent/Blueprints/Assets/M_LightStage_Arrows.uasset"
[2016.02.20-05.52.22:363][  0]LogPackFactory: Copied "../../../Samples/StarterContent/Content/StarterContent/Blueprints/Assets/M_LightStage_Skybox_Black.uasset" to "../../../../../../Users/Ben/Documents/Unreal Projects/Felinity/Content/StarterContent/Blueprints/Assets/M_LightStage_Skybox_Black.uasset"
[2016.02.20-05.52.22:369][  0]LogPackFactory: Copied "../../../Samples/StarterContent/Content/StarterContent/Blueprints/Assets/M_LightStage_Skybox_HDRI.uasset" to "../../../../../../Users/Ben/Documents/Unreal Projects/Felinity/Content/StarterContent/Blueprints/Assets/M_LightStage_Skybox_HDRI.uasset"
[2016.02.20-05.52.22:375][  0]LogPackFactory: Copied "../../../Samples/StarterContent/Content/StarterContent/Blueprints/Assets/M_LightStage_Skybox_Master.uasset" to "../../../../../../Users/Ben/Documents/Unreal Projects/Felinity/Content/StarterContent/Blueprints/Assets/M_LightStage_Skybox_Master.uasset"
[2016.02.20-05.52.22:381][  0]LogPackFactory: Copied "../../../Samples/StarterContent/Content/StarterContent/Blueprints/Assets/Skybox.uasset" to "../../../../../../Users/Ben/Documents/Unreal Projects/Felinity/Content/StarterContent/Blueprints/Assets/Skybox.uasset"
[2016.02.20-05.52.22:388][  0]LogPackFactory: Copied "../../../Samples/StarterContent/Content/StarterContent/Blueprints/Assets/SM_Arrows.uasset" to "../../../../../../Users/Ben/Documents/Unreal Projects/Felinity/Content/StarterContent/Blueprints/Assets/SM_Arrows.uasset"
[2016.02.20-05.52.22:391][  0]LogPackFactory: Copied "../../../Samples/StarterContent/Content/StarterContent/Blueprints/Assets/SunlightColorLUT.uasset" to "../../../../../../Users/Ben/Documents/Unreal Projects/Felinity/Content/StarterContent/Blueprints/Assets/SunlightColorLUT.uasset"
[2016.02.20-05.52.22:826][  0]LogPackFactory: Copied "../../../Samples/StarterContent/Content/StarterContent/HDRI/HDRI_Epic_Courtyard_Daylight.uasset" to "../../../../../../Users/Ben/Documents/Unreal Projects/Felinity/Content/StarterContent/HDRI/HDRI_Epic_Courtyard_Daylight.uasset"
[2016.02.20-05.52.22:833][  0]LogPackFactory: Copied "../../../Samples/StarterContent/Content/StarterContent/Maps/Advanced_Lighting.umap" to "../../../../../../Users/Ben/Documents/Unreal Projects/Felinity/Content/StarterContent/Maps/Advanced_Lighting.umap"
[2016.02.20-05.52.22:844][  0]LogPackFactory: Copied "../../../Samples/StarterContent/Content/StarterContent/Maps/Minimal_Default.umap" to "../../../../../../Users/Ben/Documents/Unreal Projects/Felinity/Content/StarterContent/Maps/Minimal_Default.umap"
[2016.02.20-05.52.22:892][  0]LogPackFactory: Copied "../../../Samples/StarterContent/Content/StarterContent/Maps/StarterMap.umap" to "../../../../../../Users/Ben/Documents/Unreal Projects/Felinity/Content/StarterContent/Maps/StarterMap.umap"
[2016.02.20-05.52.22:898][  0]LogPackFactory: Copied "../../../Samples/StarterContent/Content/StarterContent/Materials/M_AssetPlatform.uasset" to "../../../../../../Users/Ben/Documents/Unreal Projects/Felinity/Content/StarterContent/Materials/M_AssetPlatform.uasset"
[2016.02.20-05.52.22:903][  0]LogPackFactory: Copied "../../../Samples/StarterContent/Content/StarterContent/Materials/M_Basic_Floor.uasset" to "../../../../../../Users/Ben/Documents/Unreal Projects/Felinity/Content/StarterContent/Materials/M_Basic_Floor.uasset"
[2016.02.20-05.52.22:908][  0]LogPackFactory: Copied "../../../Samples/StarterContent/Content/StarterContent/Materials/M_Basic_Wall.uasset" to "../../../../../../Users/Ben/Documents/Unreal Projects/Felinity/Content/StarterContent/Materials/M_Basic_Wall.uasset"
[2016.02.20-05.52.22:914][  0]LogPackFactory: Copied "../../../Samples/StarterContent/Content/StarterContent/Materials/M_Brick_Clay_Beveled.uasset" to "../../../../../../Users/Ben/Documents/Unreal Projects/Felinity/Content/StarterContent/Materials/M_Brick_Clay_Beveled.uasset"
[2016.02.20-05.52.22:919][  0]LogPackFactory: Copied "../../../Samples/StarterContent/Content/StarterContent/Materials/M_Brick_Clay_New.uasset" to "../../../../../../Users/Ben/Documents/Unreal Projects/Felinity/Content/StarterContent/Materials/M_Brick_Clay_New.uasset"
[2016.02.20-05.52.22:924][  0]LogPackFactory: Copied "../../../Samples/StarterContent/Content/StarterContent/Materials/M_Brick_Clay_Old.uasset" to "../../../../../../Users/Ben/Documents/Unreal Projects/Felinity/Content/StarterContent/Materials/M_Brick_Clay_Old.uasset"
[2016.02.20-05.52.22:929][  0]LogPackFactory: Copied "../../../Samples/StarterContent/Content/StarterContent/Materials/M_Brick_Cut_Stone.uasset" to "../../../../../../Users/Ben/Documents/Unreal Projects/Felinity/Content/StarterContent/Materials/M_Brick_Cut_Stone.uasset"
[2016.02.20-05.52.22:935][  0]LogPackFactory: Copied "../../../Samples/StarterContent/Content/StarterContent/Materials/M_Brick_Hewn_Stone.uasset" to "../../../../../../Users/Ben/Documents/Unreal Projects/Felinity/Content/StarterContent/Materials/M_Brick_Hewn_Stone.uasset"
[2016.02.20-05.52.22:939][  0]LogPackFactory: Copied "../../../Samples/StarterContent/Content/StarterContent/Materials/M_Ceramic_Tile_Checker.uasset" to "../../../../../../Users/Ben/Documents/Unreal Projects/Felinity/Content/StarterContent/Materials/M_Ceramic_Tile_Checker.uasset"
[2016.02.20-05.52.22:945][  0]LogPackFactory: Copied "../../../Samples/StarterContent/Content/StarterContent/Materials/M_CobbleStone_Pebble.uasset" to "../../../../../../Users/Ben/Documents/Unreal Projects/Felinity/Content/StarterContent/Materials/M_CobbleStone_Pebble.uasset"
[2016.02.20-05.52.22:952][  0]LogPackFactory: Copied "../../../Samples/StarterContent/Content/StarterContent/Materials/M_CobbleStone_Rough.uasset" to "../../../../../../Users/Ben/Documents/Unreal Projects/Felinity/Content/StarterContent/Materials/M_CobbleStone_Rough.uasset"
[2016.02.20-05.52.22:958][  0]LogPackFactory: Copied "../../../Samples/StarterContent/Content/StarterContent/Materials/M_CobbleStone_Smooth.uasset" to "../../../../../../Users/Ben/Documents/Unreal Projects/Felinity/Content/StarterContent/Materials/M_CobbleStone_Smooth.uasset"
[2016.02.20-05.52.22:963][  0]LogPackFactory: Copied "../../../Samples/StarterContent/Content/StarterContent/Materials/M_ColorGrid_LowSpec.uasset" to "../../../../../../Users/Ben/Documents/Unreal Projects/Felinity/Content/StarterContent/Materials/M_ColorGrid_LowSpec.uasset"
[2016.02.20-05.52.22:968][  0]LogPackFactory: Copied "../../../Samples/StarterContent/Content/StarterContent/Materials/M_Concrete_Grime.uasset" to "../../../../../../Users/Ben/Documents/Unreal Projects/Felinity/Content/StarterContent/Materials/M_Concrete_Grime.uasset"
[2016.02.20-05.52.22:973][  0]LogPackFactory: Copied "../../../Samples/StarterContent/Content/StarterContent/Materials/M_Concrete_Panels.uasset" to "../../../../../../Users/Ben/Documents/Unreal Projects/Felinity/Content/StarterContent/Materials/M_Concrete_Panels.uasset"
[2016.02.20-05.52.22:978][  0]LogPackFactory: Copied "../../../Samples/StarterContent/Content/StarterContent/Materials/M_Concrete_Poured.uasset" to "../../../../../../Users/Ben/Documents/Unreal Projects/Felinity/Content/StarterContent/Materials/M_Concrete_Poured.uasset"
[2016.02.20-05.52.22:983][  0]LogPackFactory: Copied "../../../Samples/StarterContent/Content/StarterContent/Materials/M_Concrete_Tiles.uasset" to "../../../../../../Users/Ben/Documents/Unreal Projects/Felinity/Content/StarterContent/Materials/M_Concrete_Tiles.uasset"
[2016.02.20-05.52.22:989][  0]LogPackFactory: Copied "../../../Samples/StarterContent/Content/StarterContent/Materials/M_Glass.uasset" to "../../../../../../Users/Ben/Documents/Unreal Projects/Felinity/Content/StarterContent/Materials/M_Glass.uasset"
[2016.02.20-05.52.22:994][  0]LogPackFactory: Copied "../../../Samples/StarterContent/Content/StarterContent/Materials/M_Ground_Grass.uasset" to "../../../../../../Users/Ben/Documents/Unreal Projects/Felinity/Content/StarterContent/Materials/M_Ground_Grass.uasset"
[2016.02.20-05.52.23:000][  0]LogPackFactory: Copied "../../../Samples/StarterContent/Content/StarterContent/Materials/M_Ground_Gravel.uasset" to "../../../../../../Users/Ben/Documents/Unreal Projects/Felinity/Content/StarterContent/Materials/M_Ground_Gravel.uasset"
[2016.02.20-05.52.23:005][  0]LogPackFactory: Copied "../../../Samples/StarterContent/Content/StarterContent/Materials/M_Ground_Moss.uasset" to "../../../../../../Users/Ben/Documents/Unreal Projects/Felinity/Content/StarterContent/Materials/M_Ground_Moss.uasset"
[2016.02.20-05.52.23:010][  0]LogPackFactory: Copied "../../../Samples/StarterContent/Content/StarterContent/Materials/M_Metal_Brushed_Nickel.uasset" to "../../../../../../Users/Ben/Documents/Unreal Projects/Felinity/Content/StarterContent/Materials/M_Metal_Brushed_Nickel.uasset"
[2016.02.20-05.52.23:015][  0]LogPackFactory: Copied "../../../Samples/StarterContent/Content/StarterContent/Materials/M_Metal_Burnished_Steel.uasset" to "../../../../../../Users/Ben/Documents/Unreal Projects/Felinity/Content/StarterContent/Materials/M_Metal_Burnished_Steel.uasset"
[2016.02.20-05.52.23:020][  0]LogPackFactory: Copied "../../../Samples/StarterContent/Content/StarterContent/Materials/M_Metal_Chrome.uasset" to "../../../../../../Users/Ben/Documents/Unreal Projects/Felinity/Content/StarterContent/Materials/M_Metal_Chrome.uasset"
[2016.02.20-05.52.23:025][  0]LogPackFactory: Copied "../../../Samples/StarterContent/Content/StarterContent/Materials/M_Metal_Copper.uasset" to "../../../../../../Users/Ben/Documents/Unreal Projects/Felinity/Content/StarterContent/Materials/M_Metal_Copper.uasset"
[2016.02.20-05.52.23:030][  0]LogPackFactory: Copied "../../../Samples/StarterContent/Content/StarterContent/Materials/M_Metal_Gold.uasset" to "../../../../../../Users/Ben/Documents/Unreal Projects/Felinity/Content/StarterContent/Materials/M_Metal_Gold.uasset"
[2016.02.20-05.52.23:035][  0]LogPackFactory: Copied "../../../Samples/StarterContent/Content/StarterContent/Materials/M_Metal_Rust.uasset" to "../../../../../../Users/Ben/Documents/Unreal Projects/Felinity/Content/StarterContent/Materials/M_Metal_Rust.uasset"
[2016.02.20-05.52.23:041][  0]LogPackFactory: Copied "../../../Samples/StarterContent/Content/StarterContent/Materials/M_Metal_Steel.uasset" to "../../../../../../Users/Ben/Documents/Unreal Projects/Felinity/Content/StarterContent/Materials/M_Metal_Steel.uasset"
[2016.02.20-05.52.23:046][  0]LogPackFactory: Copied "../../../Samples/StarterContent/Content/StarterContent/Materials/M_Rock_Basalt.uasset" to "../../../../../../Users/Ben/Documents/Unreal Projects/Felinity/Content/StarterContent/Materials/M_Rock_Basalt.uasset"
[2016.02.20-05.52.23:051][  0]LogPackFactory: Copied "../../../Samples/StarterContent/Content/StarterContent/Materials/M_Rock_Marble_Polished.uasset" to "../../../../../../Users/Ben/Documents/Unreal Projects/Felinity/Content/StarterContent/Materials/M_Rock_Marble_Polished.uasset"
[2016.02.20-05.52.23:056][  0]LogPackFactory: Copied "../../../Samples/StarterContent/Content/StarterContent/Materials/M_Rock_Sandstone.uasset" to "../../../../../../Users/Ben/Documents/Unreal Projects/Felinity/Content/StarterContent/Materials/M_Rock_Sandstone.uasset"
[2016.02.20-05.52.23:062][  0]LogPackFactory: Copied "../../../Samples/StarterContent/Content/StarterContent/Materials/M_Rock_Slate.uasset" to "../../../../../../Users/Ben/Documents/Unreal Projects/Felinity/Content/StarterContent/Materials/M_Rock_Slate.uasset"
[2016.02.20-05.52.23:067][  0]LogPackFactory: Copied "../../../Samples/StarterContent/Content/StarterContent/Materials/M_Tech_Checker_Dot.uasset" to "../../../../../../Users/Ben/Documents/Unreal Projects/Felinity/Content/StarterContent/Materials/M_Tech_Checker_Dot.uasset"
[2016.02.20-05.52.23:073][  0]LogPackFactory: Copied "../../../Samples/StarterContent/Content/StarterContent/Materials/M_Tech_Hex_Tile.uasset" to "../../../../../../Users/Ben/Documents/Unreal Projects/Felinity/Content/StarterContent/Materials/M_Tech_Hex_Tile.uasset"
[2016.02.20-05.52.23:078][  0]LogPackFactory: Copied "../../../Samples/StarterContent/Content/StarterContent/Materials/M_Tech_Hex_Tile_Pulse.uasset" to "../../../../../../Users/Ben/Documents/Unreal Projects/Felinity/Content/StarterContent/Materials/M_Tech_Hex_Tile_Pulse.uasset"
[2016.02.20-05.52.23:084][  0]LogPackFactory: Copied "../../../Samples/StarterContent/Content/StarterContent/Materials/M_Tech_Panel.uasset" to "../../../../../../Users/Ben/Documents/Unreal Projects/Felinity/Content/StarterContent/Materials/M_Tech_Panel.uasset"
[2016.02.20-05.52.23:089][  0]LogPackFactory: Copied "../../../Samples/StarterContent/Content/StarterContent/Materials/M_Water_Lake.uasset" to "../../../../../../Users/Ben/Documents/Unreal Projects/Felinity/Content/StarterContent/Materials/M_Water_Lake.uasset"
[2016.02.20-05.52.23:094][  0]LogPackFactory: Copied "../../../Samples/StarterContent/Content/StarterContent/Materials/M_Water_Ocean.uasset" to "../../../../../../Users/Ben/Documents/Unreal Projects/Felinity/Content/StarterContent/Materials/M_Water_Ocean.uasset"
[2016.02.20-05.52.23:100][  0]LogPackFactory: Copied "../../../Samples/StarterContent/Content/StarterContent/Materials/M_Wood_Floor_Walnut_Polished.uasset" to "../../../../../../Users/Ben/Documents/Unreal Projects/Felinity/Content/StarterContent/Materials/M_Wood_Floor_Walnut_Polished.uasset"
[2016.02.20-05.52.23:106][  0]LogPackFactory: Copied "../../../Samples/StarterContent/Content/StarterContent/Materials/M_Wood_Floor_Walnut_Worn.uasset" to "../../../../../../Users/Ben/Documents/Unreal Projects/Felinity/Content/StarterContent/Materials/M_Wood_Floor_Walnut_Worn.uasset"
[2016.02.20-05.52.23:110][  0]LogPackFactory: Copied "../../../Samples/StarterContent/Content/StarterContent/Materials/M_Wood_Oak.uasset" to "../../../../../../Users/Ben/Documents/Unreal Projects/Felinity/Content/StarterContent/Materials/M_Wood_Oak.uasset"
[2016.02.20-05.52.23:116][  0]LogPackFactory: Copied "../../../Samples/StarterContent/Content/StarterContent/Materials/M_Wood_Pine.uasset" to "../../../../../../Users/Ben/Documents/Unreal Projects/Felinity/Content/StarterContent/Materials/M_Wood_Pine.uasset"
[2016.02.20-05.52.23:121][  0]LogPackFactory: Copied "../../../Samples/StarterContent/Content/StarterContent/Materials/M_Wood_Walnut.uasset" to "../../../../../../Users/Ben/Documents/Unreal Projects/Felinity/Content/StarterContent/Materials/M_Wood_Walnut.uasset"
[2016.02.20-05.52.23:127][  0]LogPackFactory: Copied "../../../Samples/StarterContent/Content/StarterContent/Particles/P_Ambient_Dust.uasset" to "../../../../../../Users/Ben/Documents/Unreal Projects/Felinity/Content/StarterContent/Particles/P_Ambient_Dust.uasset"
[2016.02.20-05.52.23:134][  0]LogPackFactory: Copied "../../../Samples/StarterContent/Content/StarterContent/Particles/P_Explosion.uasset" to "../../../../../../Users/Ben/Documents/Unreal Projects/Felinity/Content/StarterContent/Particles/P_Explosion.uasset"
[2016.02.20-05.52.23:140][  0]LogPackFactory: Copied "../../../Samples/StarterContent/Content/StarterContent/Particles/P_Fire.uasset" to "../../../../../../Users/Ben/Documents/Unreal Projects/Felinity/Content/StarterContent/Particles/P_Fire.uasset"
[2016.02.20-05.52.23:145][  0]LogPackFactory: Copied "../../../Samples/StarterContent/Content/StarterContent/Particles/P_Smoke.uasset" to "../../../../../../Users/Ben/Documents/Unreal Projects/Felinity/Content/StarterContent/Particles/P_Smoke.uasset"
[2016.02.20-05.52.23:151][  0]LogPackFactory: Copied "../../../Samples/StarterContent/Content/StarterContent/Particles/P_Sparks.uasset" to "../../../../../../Users/Ben/Documents/Unreal Projects/Felinity/Content/StarterContent/Particles/P_Sparks.uasset"
[2016.02.20-05.52.23:156][  0]LogPackFactory: Copied "../../../Samples/StarterContent/Content/StarterContent/Particles/P_Steam_Lit.uasset" to "../../../../../../Users/Ben/Documents/Unreal Projects/Felinity/Content/StarterContent/Particles/P_Steam_Lit.uasset"
[2016.02.20-05.52.23:161][  0]LogPackFactory: Copied "../../../Samples/StarterContent/Content/StarterContent/Particles/Materials/M_Burst.uasset" to "../../../../../../Users/Ben/Documents/Unreal Projects/Felinity/Content/StarterContent/Particles/Materials/M_Burst.uasset"
[2016.02.20-05.52.23:167][  0]LogPackFactory: Copied "../../../Samples/StarterContent/Content/StarterContent/Particles/Materials/M_Dust_Particle.uasset" to "../../../../../../Users/Ben/Documents/Unreal Projects/Felinity/Content/StarterContent/Particles/Materials/M_Dust_Particle.uasset"
[2016.02.20-05.52.23:173][  0]LogPackFactory: Copied "../../../Samples/StarterContent/Content/StarterContent/Particles/Materials/M_explosion_subUV.uasset" to "../../../../../../Users/Ben/Documents/Unreal Projects/Felinity/Content/StarterContent/Particles/Materials/M_explosion_subUV.uasset"
[2016.02.20-05.52.23:178][  0]LogPackFactory: Copied "../../../Samples/StarterContent/Content/StarterContent/Particles/Materials/M_Fire_SubUV.uasset" to "../../../../../../Users/Ben/Documents/Unreal Projects/Felinity/Content/StarterContent/Particles/Materials/M_Fire_SubUV.uasset"
[2016.02.20-05.52.23:184][  0]LogPackFactory: Copied "../../../Samples/StarterContent/Content/StarterContent/Particles/Materials/m_flare_01.uasset" to "../../../../../../Users/Ben/Documents/Unreal Projects/Felinity/Content/StarterContent/Particles/Materials/m_flare_01.uasset"
[2016.02.20-05.52.23:188][  0]LogPackFactory: Copied "../../../Samples/StarterContent/Content/StarterContent/Particles/Materials/M_Heat_Distortion.uasset" to "../../../../../../Users/Ben/Documents/Unreal Projects/Felinity/Content/StarterContent/Particles/Materials/M_Heat_Distortion.uasset"
[2016.02.20-05.52.23:194][  0]LogPackFactory: Copied "../../../Samples/StarterContent/Content/StarterContent/Particles/Materials/M_Radial_Gradient.uasset" to "../../../../../../Users/Ben/Documents/Unreal Projects/Felinity/Content/StarterContent/Particles/Materials/M_Radial_Gradient.uasset"
[2016.02.20-05.52.23:199][  0]LogPackFactory: Copied "../../../Samples/StarterContent/Content/StarterContent/Particles/Materials/M_radial_ramp.uasset" to "../../../../../../Users/Ben/Documents/Unreal Projects/Felinity/Content/StarterContent/Particles/Materials/M_radial_ramp.uasset"
[2016.02.20-05.52.23:205][  0]LogPackFactory: Copied "../../../Samples/StarterContent/Content/StarterContent/Particles/Materials/M_smoke_subUV.uasset" to "../../../../../../Users/Ben/Documents/Unreal Projects/Felinity/Content/StarterContent/Particles/Materials/M_smoke_subUV.uasset"
[2016.02.20-05.52.23:210][  0]LogPackFactory: Copied "../../../Samples/StarterContent/Content/StarterContent/Particles/Materials/M_Spark.uasset" to "../../../../../../Users/Ben/Documents/Unreal Projects/Felinity/Content/StarterContent/Particles/Materials/M_Spark.uasset"
[2016.02.20-05.52.23:215][  0]LogPackFactory: Copied "../../../Samples/StarterContent/Content/StarterContent/Props/MaterialSphere.uasset" to "../../../../../../Users/Ben/Documents/Unreal Projects/Felinity/Content/StarterContent/Props/MaterialSphere.uasset"
[2016.02.20-05.52.23:221][  0]LogPackFactory: Copied "../../../Samples/StarterContent/Content/StarterContent/Props/SM_Bush.uasset" to "../../../../../../Users/Ben/Documents/Unreal Projects/Felinity/Content/StarterContent/Props/SM_Bush.uasset"
[2016.02.20-05.52.23:228][  0]LogPackFactory: Copied "../../../Samples/StarterContent/Content/StarterContent/Props/SM_Chair.uasset" to "../../../../../../Users/Ben/Documents/Unreal Projects/Felinity/Content/StarterContent/Props/SM_Chair.uasset"
[2016.02.20-05.52.23:233][  0]LogPackFactory: Copied "../../../Samples/StarterContent/Content/StarterContent/Props/SM_CornerFrame.uasset" to "../../../../../../Users/Ben/Documents/Unreal Projects/Felinity/Content/StarterContent/Props/SM_CornerFrame.uasset"
[2016.02.20-05.52.23:239][  0]LogPackFactory: Copied "../../../Samples/StarterContent/Content/StarterContent/Props/SM_Couch.uasset" to "../../../../../../Users/Ben/Documents/Unreal Projects/Felinity/Content/StarterContent/Props/SM_Couch.uasset"
[2016.02.20-05.52.23:245][  0]LogPackFactory: Copied "../../../Samples/StarterContent/Content/StarterContent/Props/SM_Door.uasset" to "../../../../../../Users/Ben/Documents/Unreal Projects/Felinity/Content/StarterContent/Props/SM_Door.uasset"
[2016.02.20-05.52.23:250][  0]LogPackFactory: Copied "../../../Samples/StarterContent/Content/StarterContent/Props/SM_DoorFrame.uasset" to "../../../../../../Users/Ben/Documents/Unreal Projects/Felinity/Content/StarterContent/Props/SM_DoorFrame.uasset"
[2016.02.20-05.52.23:256][  0]LogPackFactory: Copied "../../../Samples/StarterContent/Content/StarterContent/Props/SM_GlassWindow.uasset" to "../../../../../../Users/Ben/Documents/Unreal Projects/Felinity/Content/StarterContent/Props/SM_GlassWindow.uasset"
[2016.02.20-05.52.23:262][  0]LogPackFactory: Copied "../../../Samples/StarterContent/Content/StarterContent/Props/SM_Lamp_Ceiling.uasset" to "../../../../../../Users/Ben/Documents/Unreal Projects/Felinity/Content/StarterContent/Props/SM_Lamp_Ceiling.uasset"
[2016.02.20-05.52.23:267][  0]LogPackFactory: Copied "../../../Samples/StarterContent/Content/StarterContent/Props/SM_Lamp_Wall.uasset" to "../../../../../../Users/Ben/Documents/Unreal Projects/Felinity/Content/StarterContent/Props/SM_Lamp_Wall.uasset"
[2016.02.20-05.52.23:278][  0]LogPackFactory: Copied "../../../Samples/StarterContent/Content/StarterContent/Props/SM_MatPreviewMesh_02.uasset" to "../../../../../../Users/Ben/Documents/Unreal Projects/Felinity/Content/StarterContent/Props/SM_MatPreviewMesh_02.uasset"
[2016.02.20-05.52.23:284][  0]LogPackFactory: Copied "../../../Samples/StarterContent/Content/StarterContent/Props/SM_PillarFrame.uasset" to "../../../../../../Users/Ben/Documents/Unreal Projects/Felinity/Content/StarterContent/Props/SM_PillarFrame.uasset"
[2016.02.20-05.52.23:290][  0]LogPackFactory: Copied "../../../Samples/StarterContent/Content/StarterContent/Props/SM_PillarFrame300.uasset" to "../../../../../../Users/Ben/Documents/Unreal Projects/Felinity/Content/StarterContent/Props/SM_PillarFrame300.uasset"
[2016.02.20-05.52.23:297][  0]LogPackFactory: Copied "../../../Samples/StarterContent/Content/StarterContent/Props/SM_Rock.uasset" to "../../../../../../Users/Ben/Documents/Unreal Projects/Felinity/Content/StarterContent/Props/SM_Rock.uasset"
[2016.02.20-05.52.23:302][  0]LogPackFactory: Copied "../../../Samples/StarterContent/Content/StarterContent/Props/SM_Shelf.uasset" to "../../../../../../Users/Ben/Documents/Unreal Projects/Felinity/Content/StarterContent/Props/SM_Shelf.uasset"
[2016.02.20-05.52.23:308][  0]LogPackFactory: Copied "../../../Samples/StarterContent/Content/StarterContent/Props/SM_Stairs.uasset" to "../../../../../../Users/Ben/Documents/Unreal Projects/Felinity/Content/StarterContent/Props/SM_Stairs.uasset"
[2016.02.20-05.52.23:316][  0]LogPackFactory: Copied "../../../Samples/StarterContent/Content/StarterContent/Props/SM_Statue.uasset" to "../../../../../../Users/Ben/Documents/Unreal Projects/Felinity/Content/StarterContent/Props/SM_Statue.uasset"
[2016.02.20-05.52.23:322][  0]LogPackFactory: Copied "../../../Samples/StarterContent/Content/StarterContent/Props/SM_TableRound.uasset" to "../../../../../../Users/Ben/Documents/Unreal Projects/Felinity/Content/StarterContent/Props/SM_TableRound.uasset"
[2016.02.20-05.52.23:327][  0]LogPackFactory: Copied "../../../Samples/StarterContent/Content/StarterContent/Props/SM_WindowFrame.uasset" to "../../../../../../Users/Ben/Documents/Unreal Projects/Felinity/Content/StarterContent/Props/SM_WindowFrame.uasset"
[2016.02.20-05.52.23:333][  0]LogPackFactory: Copied "../../../Samples/StarterContent/Content/StarterContent/Props/Materials/M_Bush.uasset" to "../../../../../../Users/Ben/Documents/Unreal Projects/Felinity/Content/StarterContent/Props/Materials/M_Bush.uasset"
[2016.02.20-05.52.23:338][  0]LogPackFactory: Copied "../../../Samples/StarterContent/Content/StarterContent/Props/Materials/M_Chair.uasset" to "../../../../../../Users/Ben/Documents/Unreal Projects/Felinity/Content/StarterContent/Props/Materials/M_Chair.uasset"
[2016.02.20-05.52.23:343][  0]LogPackFactory: Copied "../../../Samples/StarterContent/Content/StarterContent/Props/Materials/M_Door.uasset" to "../../../../../../Users/Ben/Documents/Unreal Projects/Felinity/Content/StarterContent/Props/Materials/M_Door.uasset"
[2016.02.20-05.52.23:348][  0]LogPackFactory: Copied "../../../Samples/StarterContent/Content/StarterContent/Props/Materials/M_Frame.uasset" to "../../../../../../Users/Ben/Documents/Unreal Projects/Felinity/Content/StarterContent/Props/Materials/M_Frame.uasset"
[2016.02.20-05.52.23:354][  0]LogPackFactory: Copied "../../../Samples/StarterContent/Content/StarterContent/Props/Materials/M_Lamp.uasset" to "../../../../../../Users/Ben/Documents/Unreal Projects/Felinity/Content/StarterContent/Props/Materials/M_Lamp.uasset"
[2016.02.20-05.52.23:359][  0]LogPackFactory: Copied "../../../Samples/StarterContent/Content/StarterContent/Props/Materials/M_MaterialSphere.uasset" to "../../../../../../Users/Ben/Documents/Unreal Projects/Felinity/Content/StarterContent/Props/Materials/M_MaterialSphere.uasset"
[2016.02.20-05.52.23:364][  0]LogPackFactory: Copied "../../../Samples/StarterContent/Content/StarterContent/Props/Materials/M_MaterialSphere_Plain.uasset" to "../../../../../../Users/Ben/Documents/Unreal Projects/Felinity/Content/StarterContent/Props/Materials/M_MaterialSphere_Plain.uasset"
[2016.02.20-05.52.23:369][  0]LogPackFactory: Copied "../../../Samples/StarterContent/Content/StarterContent/Props/Materials/M_Rock.uasset" to "../../../../../../Users/Ben/Documents/Unreal Projects/Felinity/Content/StarterContent/Props/Materials/M_Rock.uasset"
[2016.02.20-05.52.23:375][  0]LogPackFactory: Copied "../../../Samples/StarterContent/Content/StarterContent/Props/Materials/M_Shelf.uasset" to "../../../../../../Users/Ben/Documents/Unreal Projects/Felinity/Content/StarterContent/Props/Materials/M_Shelf.uasset"
[2016.02.20-05.52.23:380][  0]LogPackFactory: Copied "../../../Samples/StarterContent/Content/StarterContent/Props/Materials/M_Statue.uasset" to "../../../../../../Users/Ben/Documents/Unreal Projects/Felinity/Content/StarterContent/Props/Materials/M_Statue.uasset"
[2016.02.20-05.52.23:391][  0]LogPackFactory: Copied "../../../Samples/StarterContent/Content/StarterContent/Props/Materials/M_StatueGlass.uasset" to "../../../../../../Users/Ben/Documents/Unreal Projects/Felinity/Content/StarterContent/Props/Materials/M_StatueGlass.uasset"
[2016.02.20-05.52.23:396][  0]LogPackFactory: Copied "../../../Samples/StarterContent/Content/StarterContent/Props/Materials/M_TableRound.uasset" to "../../../../../../Users/Ben/Documents/Unreal Projects/Felinity/Content/StarterContent/Props/Materials/M_TableRound.uasset"
[2016.02.20-05.52.23:402][  0]LogPackFactory: Copied "../../../Samples/StarterContent/Content/StarterContent/Shapes/Shape_Cone.uasset" to "../../../../../../Users/Ben/Documents/Unreal Projects/Felinity/Content/StarterContent/Shapes/Shape_Cone.uasset"
[2016.02.20-05.52.23:407][  0]LogPackFactory: Copied "../../../Samples/StarterContent/Content/StarterContent/Shapes/Shape_Cube.uasset" to "../../../../../../Users/Ben/Documents/Unreal Projects/Felinity/Content/StarterContent/Shapes/Shape_Cube.uasset"
[2016.02.20-05.52.23:412][  0]LogPackFactory: Copied "../../../Samples/StarterContent/Content/StarterContent/Shapes/Shape_Cylinder.uasset" to "../../../../../../Users/Ben/Documents/Unreal Projects/Felinity/Content/StarterContent/Shapes/Shape_Cylinder.uasset"
[2016.02.20-05.52.23:418][  0]LogPackFactory: Copied "../../../Samples/StarterContent/Content/StarterContent/Shapes/Shape_NarrowCapsule.uasset" to "../../../../../../Users/Ben/Documents/Unreal Projects/Felinity/Content/StarterContent/Shapes/Shape_NarrowCapsule.uasset"
[2016.02.20-05.52.23:423][  0]LogPackFactory: Copied "../../../Samples/StarterContent/Content/StarterContent/Shapes/Shape_Pipe.uasset" to "../../../../../../Users/Ben/Documents/Unreal Projects/Felinity/Content/StarterContent/Shapes/Shape_Pipe.uasset"
[2016.02.20-05.52.23:429][  0]LogPackFactory: Copied "../../../Samples/StarterContent/Content/StarterContent/Shapes/Shape_Pipe_180.uasset" to "../../../../../../Users/Ben/Documents/Unreal Projects/Felinity/Content/StarterContent/Shapes/Shape_Pipe_180.uasset"
[2016.02.20-05.52.23:435][  0]LogPackFactory: Copied "../../../Samples/StarterContent/Content/StarterContent/Shapes/Shape_Pipe_90.uasset" to "../../../../../../Users/Ben/Documents/Unreal Projects/Felinity/Content/StarterContent/Shapes/Shape_Pipe_90.uasset"
[2016.02.20-05.52.23:440][  0]LogPackFactory: Copied "../../../Samples/StarterContent/Content/StarterContent/Shapes/Shape_Plane.uasset" to "../../../../../../Users/Ben/Documents/Unreal Projects/Felinity/Content/StarterContent/Shapes/Shape_Plane.uasset"
[2016.02.20-05.52.23:444][  0]LogPackFactory: Copied "../../../Samples/StarterContent/Content/StarterContent/Shapes/Shape_QuadPyramid.uasset" to "../../../../../../Users/Ben/Documents/Unreal Projects/Felinity/Content/StarterContent/Shapes/Shape_QuadPyramid.uasset"
[2016.02.20-05.52.23:450][  0]LogPackFactory: Copied "../../../Samples/StarterContent/Content/StarterContent/Shapes/Shape_Sphere.uasset" to "../../../../../../Users/Ben/Documents/Unreal Projects/Felinity/Content/StarterContent/Shapes/Shape_Sphere.uasset"
[2016.02.20-05.52.23:458][  0]LogPackFactory: Copied "../../../Samples/StarterContent/Content/StarterContent/Shapes/Shape_Torus.uasset" to "../../../../../../Users/Ben/Documents/Unreal Projects/Felinity/Content/StarterContent/Shapes/Shape_Torus.uasset"
[2016.02.20-05.52.23:463][  0]LogPackFactory: Copied "../../../Samples/StarterContent/Content/StarterContent/Shapes/Shape_Trim.uasset" to "../../../../../../Users/Ben/Documents/Unreal Projects/Felinity/Content/StarterContent/Shapes/Shape_Trim.uasset"
[2016.02.20-05.52.23:467][  0]LogPackFactory: Copied "../../../Samples/StarterContent/Content/StarterContent/Shapes/Shape_Trim_90_In.uasset" to "../../../../../../Users/Ben/Documents/Unreal Projects/Felinity/Content/StarterContent/Shapes/Shape_Trim_90_In.uasset"
[2016.02.20-05.52.23:472][  0]LogPackFactory: Copied "../../../Samples/StarterContent/Content/StarterContent/Shapes/Shape_Trim_90_Out.uasset" to "../../../../../../Users/Ben/Documents/Unreal Projects/Felinity/Content/StarterContent/Shapes/Shape_Trim_90_Out.uasset"
[2016.02.20-05.52.23:478][  0]LogPackFactory: Copied "../../../Samples/StarterContent/Content/StarterContent/Shapes/Shape_TriPyramid.uasset" to "../../../../../../Users/Ben/Documents/Unreal Projects/Felinity/Content/StarterContent/Shapes/Shape_TriPyramid.uasset"
[2016.02.20-05.52.23:483][  0]LogPackFactory: Copied "../../../Samples/StarterContent/Content/StarterContent/Shapes/Shape_Tube.uasset" to "../../../../../../Users/Ben/Documents/Unreal Projects/Felinity/Content/StarterContent/Shapes/Shape_Tube.uasset"
[2016.02.20-05.52.23:488][  0]LogPackFactory: Copied "../../../Samples/StarterContent/Content/StarterContent/Shapes/Shape_Wedge_A.uasset" to "../../../../../../Users/Ben/Documents/Unreal Projects/Felinity/Content/StarterContent/Shapes/Shape_Wedge_A.uasset"
[2016.02.20-05.52.23:494][  0]LogPackFactory: Copied "../../../Samples/StarterContent/Content/StarterContent/Shapes/Shape_Wedge_B.uasset" to "../../../../../../Users/Ben/Documents/Unreal Projects/Felinity/Content/StarterContent/Shapes/Shape_Wedge_B.uasset"
[2016.02.20-05.52.23:500][  0]LogPackFactory: Copied "../../../Samples/StarterContent/Content/StarterContent/Shapes/Shape_WideCapsule.uasset" to "../../../../../../Users/Ben/Documents/Unreal Projects/Felinity/Content/StarterContent/Shapes/Shape_WideCapsule.uasset"
[2016.02.20-05.52.23:524][  0]LogPackFactory: Copied "../../../Samples/StarterContent/Content/StarterContent/Textures/T_Brick_Clay_Beveled_D.uasset" to "../../../../../../Users/Ben/Documents/Unreal Projects/Felinity/Content/StarterContent/Textures/T_Brick_Clay_Beveled_D.uasset"
[2016.02.20-05.52.23:550][  0]LogPackFactory: Copied "../../../Samples/StarterContent/Content/StarterContent/Textures/T_Brick_Clay_Beveled_M.uasset" to "../../../../../../Users/Ben/Documents/Unreal Projects/Felinity/Content/StarterContent/Textures/T_Brick_Clay_Beveled_M.uasset"
[2016.02.20-05.52.23:574][  0]LogPackFactory: Copied "../../../Samples/StarterContent/Content/StarterContent/Textures/T_Brick_Clay_Beveled_N.uasset" to "../../../../../../Users/Ben/Documents/Unreal Projects/Felinity/Content/StarterContent/Textures/T_Brick_Clay_Beveled_N.uasset"
[2016.02.20-05.52.23:595][  0]LogPackFactory: Copied "../../../Samples/StarterContent/Content/StarterContent/Textures/T_Brick_Clay_New_D.uasset" to "../../../../../../Users/Ben/Documents/Unreal Projects/Felinity/Content/StarterContent/Textures/T_Brick_Clay_New_D.uasset"
[2016.02.20-05.52.23:625][  0]LogPackFactory: Copied "../../../Samples/StarterContent/Content/StarterContent/Textures/T_Brick_Clay_New_M.uasset" to "../../../../../../Users/Ben/Documents/Unreal Projects/Felinity/Content/StarterContent/Textures/T_Brick_Clay_New_M.uasset"
[2016.02.20-05.52.23:651][  0]LogPackFactory: Copied "../../../Samples/StarterContent/Content/StarterContent/Textures/T_Brick_Clay_New_N.uasset" to "../../../../../../Users/Ben/Documents/Unreal Projects/Felinity/Content/StarterContent/Textures/T_Brick_Clay_New_N.uasset"
[2016.02.20-05.52.23:685][  0]LogPackFactory: Copied "../../../Samples/StarterContent/Content/StarterContent/Textures/T_Brick_Clay_Old_D.uasset" to "../../../../../../Users/Ben/Documents/Unreal Projects/Felinity/Content/StarterContent/Textures/T_Brick_Clay_Old_D.uasset"
[2016.02.20-05.52.23:712][  0]LogPackFactory: Copied "../../../Samples/StarterContent/Content/StarterContent/Textures/T_Brick_Clay_Old_N.uasset" to "../../../../../../Users/Ben/Documents/Unreal Projects/Felinity/Content/StarterContent/Textures/T_Brick_Clay_Old_N.uasset"
[2016.02.20-05.52.23:752][  0]LogPackFactory: Copied "../../../Samples/StarterContent/Content/StarterContent/Textures/T_Brick_Cut_Stone_D.uasset" to "../../../../../../Users/Ben/Documents/Unreal Projects/Felinity/Content/StarterContent/Textures/T_Brick_Cut_Stone_D.uasset"
[2016.02.20-05.52.23:775][  0]LogPackFactory: Copied "../../../Samples/StarterContent/Content/StarterContent/Textures/T_Brick_Cut_Stone_N.uasset" to "../../../../../../Users/Ben/Documents/Unreal Projects/Felinity/Content/StarterContent/Textures/T_Brick_Cut_Stone_N.uasset"
[2016.02.20-05.52.23:800][  0]LogPackFactory: Copied "../../../Samples/StarterContent/Content/StarterContent/Textures/T_Brick_Hewn_Stone_D.uasset" to "../../../../../../Users/Ben/Documents/Unreal Projects/Felinity/Content/StarterContent/Textures/T_Brick_Hewn_Stone_D.uasset"
[2016.02.20-05.52.23:823][  0]LogPackFactory: Copied "../../../Samples/StarterContent/Content/StarterContent/Textures/T_Brick_Hewn_Stone_M.uasset" to "../../../../../../Users/Ben/Documents/Unreal Projects/Felinity/Content/StarterContent/Textures/T_Brick_Hewn_Stone_M.uasset"
[2016.02.20-05.52.23:852][  0]LogPackFactory: Copied "../../../Samples/StarterContent/Content/StarterContent/Textures/T_Brick_Hewn_Stone_N.uasset" to "../../../../../../Users/Ben/Documents/Unreal Projects/Felinity/Content/StarterContent/Textures/T_Brick_Hewn_Stone_N.uasset"
[2016.02.20-05.52.23:858][  0]LogPackFactory: Copied "../../../Samples/StarterContent/Content/StarterContent/Textures/T_Burst_M.uasset" to "../../../../../../Users/Ben/Documents/Unreal Projects/Felinity/Content/StarterContent/Textures/T_Burst_M.uasset"
[2016.02.20-05.52.23:865][  0]LogPackFactory: Copied "../../../Samples/StarterContent/Content/StarterContent/Textures/T_Bush_D.uasset" to "../../../../../../Users/Ben/Documents/Unreal Projects/Felinity/Content/StarterContent/Textures/T_Bush_D.uasset"
[2016.02.20-05.52.23:873][  0]LogPackFactory: Copied "../../../Samples/StarterContent/Content/StarterContent/Textures/T_Bush_N.uasset" to "../../../../../../Users/Ben/Documents/Unreal Projects/Felinity/Content/StarterContent/Textures/T_Bush_N.uasset"
[2016.02.20-05.52.23:879][  0]LogPackFactory: Copied "../../../Samples/StarterContent/Content/StarterContent/Textures/T_Ceramic_Tile_M.uasset" to "../../../../../../Users/Ben/Documents/Unreal Projects/Felinity/Content/StarterContent/Textures/T_Ceramic_Tile_M.uasset"
[2016.02.20-05.52.23:886][  0]LogPackFactory: Copied "../../../Samples/StarterContent/Content/StarterContent/Textures/T_Ceramic_Tile_N.uasset" to "../../../../../../Users/Ben/Documents/Unreal Projects/Felinity/Content/StarterContent/Textures/T_Ceramic_Tile_N.uasset"
[2016.02.20-05.52.23:894][  0]LogPackFactory: Copied "../../../Samples/StarterContent/Content/StarterContent/Textures/T_Chair_M.uasset" to "../../../../../../Users/Ben/Documents/Unreal Projects/Felinity/Content/StarterContent/Textures/T_Chair_M.uasset"
[2016.02.20-05.52.23:905][  0]LogPackFactory: Copied "../../../Samples/StarterContent/Content/StarterContent/Textures/T_Chair_N.uasset" to "../../../../../../Users/Ben/Documents/Unreal Projects/Felinity/Content/StarterContent/Textures/T_Chair_N.uasset"
[2016.02.20-05.52.23:911][  0]LogPackFactory: Copied "../../../Samples/StarterContent/Content/StarterContent/Textures/T_Checker_Noise_M.uasset" to "../../../../../../Users/Ben/Documents/Unreal Projects/Felinity/Content/StarterContent/Textures/T_Checker_Noise_M.uasset"
[2016.02.20-05.52.23:947][  0]LogPackFactory: Copied "../../../Samples/StarterContent/Content/StarterContent/Textures/T_CobbleStone_Pebble_D.uasset" to "../../../../../../Users/Ben/Documents/Unreal Projects/Felinity/Content/StarterContent/Textures/T_CobbleStone_Pebble_D.uasset"
[2016.02.20-05.52.24:052][  0]LogPackFactory: Copied "../../../Samples/StarterContent/Content/StarterContent/Textures/T_CobbleStone_Pebble_M.uasset" to "../../../../../../Users/Ben/Documents/Unreal Projects/Felinity/Content/StarterContent/Textures/T_CobbleStone_Pebble_M.uasset"
[2016.02.20-05.52.24:103][  0]LogPackFactory: Copied "../../../Samples/StarterContent/Content/StarterContent/Textures/T_CobbleStone_Pebble_N.uasset" to "../../../../../../Users/Ben/Documents/Unreal Projects/Felinity/Content/StarterContent/Textures/T_CobbleStone_Pebble_N.uasset"
[2016.02.20-05.52.24:119][  0]LogPackFactory: Copied "../../../Samples/StarterContent/Content/StarterContent/Textures/T_CobbleStone_Rough_D.uasset" to "../../../../../../Users/Ben/Documents/Unreal Projects/Felinity/Content/StarterContent/Textures/T_CobbleStone_Rough_D.uasset"
[2016.02.20-05.52.24:132][  0]LogPackFactory: Copied "../../../Samples/StarterContent/Content/StarterContent/Textures/T_CobbleStone_Rough_N.uasset" to "../../../../../../Users/Ben/Documents/Unreal Projects/Felinity/Content/StarterContent/Textures/T_CobbleStone_Rough_N.uasset"
[2016.02.20-05.52.24:156][  0]LogPackFactory: Copied "../../../Samples/StarterContent/Content/StarterContent/Textures/T_CobbleStone_Smooth_D.uasset" to "../../../../../../Users/Ben/Documents/Unreal Projects/Felinity/Content/StarterContent/Textures/T_CobbleStone_Smooth_D.uasset"
[2016.02.20-05.52.24:176][  0]LogPackFactory: Copied "../../../Samples/StarterContent/Content/StarterContent/Textures/T_CobbleStone_Smooth_M.uasset" to "../../../../../../Users/Ben/Documents/Unreal Projects/Felinity/Content/StarterContent/Textures/T_CobbleStone_Smooth_M.uasset"
[2016.02.20-05.52.24:204][  0]LogPackFactory: Copied "../../../Samples/StarterContent/Content/StarterContent/Textures/T_CobbleStone_Smooth_N.uasset" to "../../../../../../Users/Ben/Documents/Unreal Projects/Felinity/Content/StarterContent/Textures/T_CobbleStone_Smooth_N.uasset"
[2016.02.20-05.52.24:236][  0]LogPackFactory: Copied "../../../Samples/StarterContent/Content/StarterContent/Textures/T_Concrete_Grime_D.uasset" to "../../../../../../Users/Ben/Documents/Unreal Projects/Felinity/Content/StarterContent/Textures/T_Concrete_Grime_D.uasset"
[2016.02.20-05.52.24:282][  0]LogPackFactory: Copied "../../../Samples/StarterContent/Content/StarterContent/Textures/T_Concrete_Panels_D.uasset" to "../../../../../../Users/Ben/Documents/Unreal Projects/Felinity/Content/StarterContent/Textures/T_Concrete_Panels_D.uasset"
[2016.02.20-05.52.24:311][  0]LogPackFactory: Copied "../../../Samples/StarterContent/Content/StarterContent/Textures/T_Concrete_Panels_N.uasset" to "../../../../../../Users/Ben/Documents/Unreal Projects/Felinity/Content/StarterContent/Textures/T_Concrete_Panels_N.uasset"
[2016.02.20-05.52.24:353][  0]LogPackFactory: Copied "../../../Samples/StarterContent/Content/StarterContent/Textures/T_Concrete_Poured_D.uasset" to "../../../../../../Users/Ben/Documents/Unreal Projects/Felinity/Content/StarterContent/Textures/T_Concrete_Poured_D.uasset"
[2016.02.20-05.52.24:384][  0]LogPackFactory: Copied "../../../Samples/StarterContent/Content/StarterContent/Textures/T_Concrete_Poured_N.uasset" to "../../../../../../Users/Ben/Documents/Unreal Projects/Felinity/Content/StarterContent/Textures/T_Concrete_Poured_N.uasset"
[2016.02.20-05.52.24:409][  0]LogPackFactory: Copied "../../../Samples/StarterContent/Content/StarterContent/Textures/T_Concrete_Tiles_D.uasset" to "../../../../../../Users/Ben/Documents/Unreal Projects/Felinity/Content/StarterContent/Textures/T_Concrete_Tiles_D.uasset"
[2016.02.20-05.52.24:433][  0]LogPackFactory: Copied "../../../Samples/StarterContent/Content/StarterContent/Textures/T_Concrete_Tiles_M.uasset" to "../../../../../../Users/Ben/Documents/Unreal Projects/Felinity/Content/StarterContent/Textures/T_Concrete_Tiles_M.uasset"
[2016.02.20-05.52.24:456][  0]LogPackFactory: Copied "../../../Samples/StarterContent/Content/StarterContent/Textures/T_Concrete_Tiles_N.uasset" to "../../../../../../Users/Ben/Documents/Unreal Projects/Felinity/Content/StarterContent/Textures/T_Concrete_Tiles_N.uasset"
[2016.02.20-05.52.24:459][  0]LogPackFactory: Copied "../../../Samples/StarterContent/Content/StarterContent/Textures/T_Concrete_Tiles_Variation_M.uasset" to "../../../../../../Users/Ben/Documents/Unreal Projects/Felinity/Content/StarterContent/Textures/T_Concrete_Tiles_Variation_M.uasset"
[2016.02.20-05.52.24:472][  0]LogPackFactory: Copied "../../../Samples/StarterContent/Content/StarterContent/Textures/T_Detail_Rocky_N.uasset" to "../../../../../../Users/Ben/Documents/Unreal Projects/Felinity/Content/StarterContent/Textures/T_Detail_Rocky_N.uasset"
[2016.02.20-05.52.24:478][  0]LogPackFactory: Copied "../../../Samples/StarterContent/Content/StarterContent/Textures/T_Door_M.uasset" to "../../../../../../Users/Ben/Documents/Unreal Projects/Felinity/Content/StarterContent/Textures/T_Door_M.uasset"
[2016.02.20-05.52.24:487][  0]LogPackFactory: Copied "../../../Samples/StarterContent/Content/StarterContent/Textures/T_Door_N.uasset" to "../../../../../../Users/Ben/Documents/Unreal Projects/Felinity/Content/StarterContent/Textures/T_Door_N.uasset"
[2016.02.20-05.52.24:492][  0]LogPackFactory: Copied "../../../Samples/StarterContent/Content/StarterContent/Textures/T_Dust_Particle_D.uasset" to "../../../../../../Users/Ben/Documents/Unreal Projects/Felinity/Content/StarterContent/Textures/T_Dust_Particle_D.uasset"
[2016.02.20-05.52.24:506][  0]LogPackFactory: Copied "../../../Samples/StarterContent/Content/StarterContent/Textures/T_Explosion_SubUV.uasset" to "../../../../../../Users/Ben/Documents/Unreal Projects/Felinity/Content/StarterContent/Textures/T_Explosion_SubUV.uasset"
[2016.02.20-05.52.24:513][  0]LogPackFactory: Copied "../../../Samples/StarterContent/Content/StarterContent/Textures/T_Fire_SubUV.uasset" to "../../../../../../Users/Ben/Documents/Unreal Projects/Felinity/Content/StarterContent/Textures/T_Fire_SubUV.uasset"
[2016.02.20-05.52.24:519][  0]LogPackFactory: Copied "../../../Samples/StarterContent/Content/StarterContent/Textures/T_Fire_Tiled_D.uasset" to "../../../../../../Users/Ben/Documents/Unreal Projects/Felinity/Content/StarterContent/Textures/T_Fire_Tiled_D.uasset"
[2016.02.20-05.52.24:525][  0]LogPackFactory: Copied "../../../Samples/StarterContent/Content/StarterContent/Textures/T_Frame_M.uasset" to "../../../../../../Users/Ben/Documents/Unreal Projects/Felinity/Content/StarterContent/Textures/T_Frame_M.uasset"
[2016.02.20-05.52.24:534][  0]LogPackFactory: Copied "../../../Samples/StarterContent/Content/StarterContent/Textures/T_Frame_N.uasset" to "../../../../../../Users/Ben/Documents/Unreal Projects/Felinity/Content/StarterContent/Textures/T_Frame_N.uasset"
[2016.02.20-05.52.24:538][  0]LogPackFactory: Copied "../../../Samples/StarterContent/Content/StarterContent/Textures/T_Gradinet_01.uasset" to "../../../../../../Users/Ben/Documents/Unreal Projects/Felinity/Content/StarterContent/Textures/T_Gradinet_01.uasset"
[2016.02.20-05.52.24:574][  0]LogPackFactory: Copied "../../../Samples/StarterContent/Content/StarterContent/Textures/T_Ground_Grass_D.uasset" to "../../../../../../Users/Ben/Documents/Unreal Projects/Felinity/Content/StarterContent/Textures/T_Ground_Grass_D.uasset"
[2016.02.20-05.52.24:609][  0]LogPackFactory: Copied "../../../Samples/StarterContent/Content/StarterContent/Textures/T_Ground_Grass_N.uasset" to "../../../../../../Users/Ben/Documents/Unreal Projects/Felinity/Content/StarterContent/Textures/T_Ground_Grass_N.uasset"
[2016.02.20-05.52.24:643][  0]LogPackFactory: Copied "../../../Samples/StarterContent/Content/StarterContent/Textures/T_Ground_Gravel_D.uasset" to "../../../../../../Users/Ben/Documents/Unreal Projects/Felinity/Content/StarterContent/Textures/T_Ground_Gravel_D.uasset"
[2016.02.20-05.52.24:669][  0]LogPackFactory: Copied "../../../Samples/StarterContent/Content/StarterContent/Textures/T_Ground_Gravel_N.uasset" to "../../../../../../Users/Ben/Documents/Unreal Projects/Felinity/Content/StarterContent/Textures/T_Ground_Gravel_N.uasset"
[2016.02.20-05.52.24:709][  0]LogPackFactory: Copied "../../../Samples/StarterContent/Content/StarterContent/Textures/T_ground_Moss_D.uasset" to "../../../../../../Users/Ben/Documents/Unreal Projects/Felinity/Content/StarterContent/Textures/T_ground_Moss_D.uasset"
[2016.02.20-05.52.24:736][  0]LogPackFactory: Copied "../../../Samples/StarterContent/Content/StarterContent/Textures/T_Ground_Moss_N.uasset" to "../../../../../../Users/Ben/Documents/Unreal Projects/Felinity/Content/StarterContent/Textures/T_Ground_Moss_N.uasset"
[2016.02.20-05.52.24:744][  0]LogPackFactory: Copied "../../../Samples/StarterContent/Content/StarterContent/Textures/T_Lamp_M.uasset" to "../../../../../../Users/Ben/Documents/Unreal Projects/Felinity/Content/StarterContent/Textures/T_Lamp_M.uasset"
[2016.02.20-05.52.24:755][  0]LogPackFactory: Copied "../../../Samples/StarterContent/Content/StarterContent/Textures/T_Lamp_N.uasset" to "../../../../../../Users/Ben/Documents/Unreal Projects/Felinity/Content/StarterContent/Textures/T_Lamp_N.uasset"
[2016.02.20-05.52.24:788][  0]LogPackFactory: Copied "../../../Samples/StarterContent/Content/StarterContent/Textures/T_MacroVariation.uasset" to "../../../../../../Users/Ben/Documents/Unreal Projects/Felinity/Content/StarterContent/Textures/T_MacroVariation.uasset"
[2016.02.20-05.52.24:817][  0]LogPackFactory: Copied "../../../Samples/StarterContent/Content/StarterContent/Textures/T_Metal_Aluminum_D.uasset" to "../../../../../../Users/Ben/Documents/Unreal Projects/Felinity/Content/StarterContent/Textures/T_Metal_Aluminum_D.uasset"
[2016.02.20-05.52.24:845][  0]LogPackFactory: Copied "../../../Samples/StarterContent/Content/StarterContent/Textures/T_Metal_Copper_D.uasset" to "../../../../../../Users/Ben/Documents/Unreal Projects/Felinity/Content/StarterContent/Textures/T_Metal_Copper_D.uasset"
[2016.02.20-05.52.24:874][  0]LogPackFactory: Copied "../../../Samples/StarterContent/Content/StarterContent/Textures/T_Metal_Gold_D.uasset" to "../../../../../../Users/Ben/Documents/Unreal Projects/Felinity/Content/StarterContent/Textures/T_Metal_Gold_D.uasset"
[2016.02.20-05.52.24:887][  0]LogPackFactory: Copied "../../../Samples/StarterContent/Content/StarterContent/Textures/T_Metal_Gold_N.uasset" to "../../../../../../Users/Ben/Documents/Unreal Projects/Felinity/Content/StarterContent/Textures/T_Metal_Gold_N.uasset"
[2016.02.20-05.52.24:916][  0]LogPackFactory: Copied "../../../Samples/StarterContent/Content/StarterContent/Textures/T_Metal_Rust_D.uasset" to "../../../../../../Users/Ben/Documents/Unreal Projects/Felinity/Content/StarterContent/Textures/T_Metal_Rust_D.uasset"
[2016.02.20-05.52.24:942][  0]LogPackFactory: Copied "../../../Samples/StarterContent/Content/StarterContent/Textures/T_Metal_Rust_N.uasset" to "../../../../../../Users/Ben/Documents/Unreal Projects/Felinity/Content/StarterContent/Textures/T_Metal_Rust_N.uasset"
[2016.02.20-05.52.24:960][  0]LogPackFactory: Copied "../../../Samples/StarterContent/Content/StarterContent/Textures/T_Metal_Steel_D.uasset" to "../../../../../../Users/Ben/Documents/Unreal Projects/Felinity/Content/StarterContent/Textures/T_Metal_Steel_D.uasset"
[2016.02.20-05.52.24:978][  0]LogPackFactory: Copied "../../../Samples/StarterContent/Content/StarterContent/Textures/T_Metal_Steel_N.uasset" to "../../../../../../Users/Ben/Documents/Unreal Projects/Felinity/Content/StarterContent/Textures/T_Metal_Steel_N.uasset"
[2016.02.20-05.52.25:004][  0]LogPackFactory: Copied "../../../Samples/StarterContent/Content/StarterContent/Textures/T_Perlin_Noise_M.uasset" to "../../../../../../Users/Ben/Documents/Unreal Projects/Felinity/Content/StarterContent/Textures/T_Perlin_Noise_M.uasset"
[2016.02.20-05.52.25:017][  0]LogPackFactory: Copied "../../../Samples/StarterContent/Content/StarterContent/Textures/T_RockMesh_M.uasset" to "../../../../../../Users/Ben/Documents/Unreal Projects/Felinity/Content/StarterContent/Textures/T_RockMesh_M.uasset"
[2016.02.20-05.52.25:035][  0]LogPackFactory: Copied "../../../Samples/StarterContent/Content/StarterContent/Textures/T_RockMesh_N.uasset" to "../../../../../../Users/Ben/Documents/Unreal Projects/Felinity/Content/StarterContent/Textures/T_RockMesh_N.uasset"
[2016.02.20-05.52.25:067][  0]LogPackFactory: Copied "../../../Samples/StarterContent/Content/StarterContent/Textures/T_Rock_Basalt_D.uasset" to "../../../../../../Users/Ben/Documents/Unreal Projects/Felinity/Content/StarterContent/Textures/T_Rock_Basalt_D.uasset"
[2016.02.20-05.52.25:092][  0]LogPackFactory: Copied "../../../Samples/StarterContent/Content/StarterContent/Textures/T_Rock_Basalt_N.uasset" to "../../../../../../Users/Ben/Documents/Unreal Projects/Felinity/Content/StarterContent/Textures/T_Rock_Basalt_N.uasset"
[2016.02.20-05.52.25:110][  0]LogPackFactory: Copied "../../../Samples/StarterContent/Content/StarterContent/Textures/T_Rock_Marble_Polished_D.uasset" to "../../../../../../Users/Ben/Documents/Unreal Projects/Felinity/Content/StarterContent/Textures/T_Rock_Marble_Polished_D.uasset"
[2016.02.20-05.52.25:139][  0]LogPackFactory: Copied "../../../Samples/StarterContent/Content/StarterContent/Textures/T_Rock_Sandstone_D.uasset" to "../../../../../../Users/Ben/Documents/Unreal Projects/Felinity/Content/StarterContent/Textures/T_Rock_Sandstone_D.uasset"
[2016.02.20-05.52.25:166][  0]LogPackFactory: Copied "../../../Samples/StarterContent/Content/StarterContent/Textures/T_Rock_Sandstone_N.uasset" to "../../../../../../Users/Ben/Documents/Unreal Projects/Felinity/Content/StarterContent/Textures/T_Rock_Sandstone_N.uasset"
[2016.02.20-05.52.25:203][  0]LogPackFactory: Copied "../../../Samples/StarterContent/Content/StarterContent/Textures/T_Rock_Slate_D.uasset" to "../../../../../../Users/Ben/Documents/Unreal Projects/Felinity/Content/StarterContent/Textures/T_Rock_Slate_D.uasset"
[2016.02.20-05.52.25:234][  0]LogPackFactory: Copied "../../../Samples/StarterContent/Content/StarterContent/Textures/T_Rock_Slate_N.uasset" to "../../../../../../Users/Ben/Documents/Unreal Projects/Felinity/Content/StarterContent/Textures/T_Rock_Slate_N.uasset"
[2016.02.20-05.52.25:261][  0]LogPackFactory: Copied "../../../Samples/StarterContent/Content/StarterContent/Textures/T_Rock_Smooth_Granite_D.uasset" to "../../../../../../Users/Ben/Documents/Unreal Projects/Felinity/Content/StarterContent/Textures/T_Rock_Smooth_Granite_D.uasset"
[2016.02.20-05.52.25:270][  0]LogPackFactory: Copied "../../../Samples/StarterContent/Content/StarterContent/Textures/T_Shelf_M.uasset" to "../../../../../../Users/Ben/Documents/Unreal Projects/Felinity/Content/StarterContent/Textures/T_Shelf_M.uasset"
[2016.02.20-05.52.25:280][  0]LogPackFactory: Copied "../../../Samples/StarterContent/Content/StarterContent/Textures/T_Shelf_N.uasset" to "../../../../../../Users/Ben/Documents/Unreal Projects/Felinity/Content/StarterContent/Textures/T_Shelf_N.uasset"
[2016.02.20-05.52.25:282][  0]LogPackFactory: Copied "../../../Samples/StarterContent/Content/StarterContent/Textures/T_Single_Tile_N.uasset" to "../../../../../../Users/Ben/Documents/Unreal Projects/Felinity/Content/StarterContent/Textures/T_Single_Tile_N.uasset"
[2016.02.20-05.52.25:295][  0]LogPackFactory: Copied "../../../Samples/StarterContent/Content/StarterContent/Textures/T_Smoke_SubUV.uasset" to "../../../../../../Users/Ben/Documents/Unreal Projects/Felinity/Content/StarterContent/Textures/T_Smoke_SubUV.uasset"
[2016.02.20-05.52.25:300][  0]LogPackFactory: Copied "../../../Samples/StarterContent/Content/StarterContent/Textures/T_Smoke_Tiled_D.uasset" to "../../../../../../Users/Ben/Documents/Unreal Projects/Felinity/Content/StarterContent/Textures/T_Smoke_Tiled_D.uasset"
[2016.02.20-05.52.25:306][  0]LogPackFactory: Copied "../../../Samples/StarterContent/Content/StarterContent/Textures/T_Spark_Core.uasset" to "../../../../../../Users/Ben/Documents/Unreal Projects/Felinity/Content/StarterContent/Textures/T_Spark_Core.uasset"
[2016.02.20-05.52.25:323][  0]LogPackFactory: Copied "../../../Samples/StarterContent/Content/StarterContent/Textures/T_Statue_M.uasset" to "../../../../../../Users/Ben/Documents/Unreal Projects/Felinity/Content/StarterContent/Textures/T_Statue_M.uasset"
[2016.02.20-05.52.25:336][  0]LogPackFactory: Copied "../../../Samples/StarterContent/Content/StarterContent/Textures/T_Statue_N.uasset" to "../../../../../../Users/Ben/Documents/Unreal Projects/Felinity/Content/StarterContent/Textures/T_Statue_N.uasset"
[2016.02.20-05.52.25:348][  0]LogPackFactory: Copied "../../../Samples/StarterContent/Content/StarterContent/Textures/T_TableRound_M.uasset" to "../../../../../../Users/Ben/Documents/Unreal Projects/Felinity/Content/StarterContent/Textures/T_TableRound_M.uasset"
[2016.02.20-05.52.25:408][  0]LogPackFactory: Copied "../../../Samples/StarterContent/Content/StarterContent/Textures/T_TableRound_N.uasset" to "../../../../../../Users/Ben/Documents/Unreal Projects/Felinity/Content/StarterContent/Textures/T_TableRound_N.uasset"
[2016.02.20-05.52.25:496][  0]LogPackFactory: Copied "../../../Samples/StarterContent/Content/StarterContent/Textures/T_Tech_Dot_M.uasset" to "../../../../../../Users/Ben/Documents/Unreal Projects/Felinity/Content/StarterContent/Textures/T_Tech_Dot_M.uasset"
[2016.02.20-05.52.25:565][  0]LogPackFactory: Copied "../../../Samples/StarterContent/Content/StarterContent/Textures/T_Tech_Dot_N.uasset" to "../../../../../../Users/Ben/Documents/Unreal Projects/Felinity/Content/StarterContent/Textures/T_Tech_Dot_N.uasset"
[2016.02.20-05.52.25:572][  0]LogPackFactory: Copied "../../../Samples/StarterContent/Content/StarterContent/Textures/T_Tech_Hex_Tile_M.uasset" to "../../../../../../Users/Ben/Documents/Unreal Projects/Felinity/Content/StarterContent/Textures/T_Tech_Hex_Tile_M.uasset"
[2016.02.20-05.52.25:579][  0]LogPackFactory: Copied "../../../Samples/StarterContent/Content/StarterContent/Textures/T_Tech_Hex_Tile_N.uasset" to "../../../../../../Users/Ben/Documents/Unreal Projects/Felinity/Content/StarterContent/Textures/T_Tech_Hex_Tile_N.uasset"
[2016.02.20-05.52.25:588][  0]LogPackFactory: Copied "../../../Samples/StarterContent/Content/StarterContent/Textures/T_Tech_Panel_M.uasset" to "../../../../../../Users/Ben/Documents/Unreal Projects/Felinity/Content/StarterContent/Textures/T_Tech_Panel_M.uasset"
[2016.02.20-05.52.25:598][  0]LogPackFactory: Copied "../../../Samples/StarterContent/Content/StarterContent/Textures/T_Tech_Panel_N.uasset" to "../../../../../../Users/Ben/Documents/Unreal Projects/Felinity/Content/StarterContent/Textures/T_Tech_Panel_N.uasset"
[2016.02.20-05.52.25:607][  0]LogPackFactory: Copied "../../../Samples/StarterContent/Content/StarterContent/Textures/T_Water_M.uasset" to "../../../../../../Users/Ben/Documents/Unreal Projects/Felinity/Content/StarterContent/Textures/T_Water_M.uasset"
[2016.02.20-05.52.25:619][  0]LogPackFactory: Copied "../../../Samples/StarterContent/Content/StarterContent/Textures/T_Water_N.uasset" to "../../../../../../Users/Ben/Documents/Unreal Projects/Felinity/Content/StarterContent/Textures/T_Water_N.uasset"
[2016.02.20-05.52.25:635][  0]LogPackFactory: Copied "../../../Samples/StarterContent/Content/StarterContent/Textures/T_Wood_Floor_Walnut_D.uasset" to "../../../../../../Users/Ben/Documents/Unreal Projects/Felinity/Content/StarterContent/Textures/T_Wood_Floor_Walnut_D.uasset"
[2016.02.20-05.52.25:651][  0]LogPackFactory: Copied "../../../Samples/StarterContent/Content/StarterContent/Textures/T_Wood_Floor_Walnut_M.uasset" to "../../../../../../Users/Ben/Documents/Unreal Projects/Felinity/Content/StarterContent/Textures/T_Wood_Floor_Walnut_M.uasset"
[2016.02.20-05.52.25:665][  0]LogPackFactory: Copied "../../../Samples/StarterContent/Content/StarterContent/Textures/T_Wood_Floor_Walnut_N.uasset" to "../../../../../../Users/Ben/Documents/Unreal Projects/Felinity/Content/StarterContent/Textures/T_Wood_Floor_Walnut_N.uasset"
[2016.02.20-05.52.25:689][  0]LogPackFactory: Copied "../../../Samples/StarterContent/Content/StarterContent/Textures/T_Wood_Oak_D.uasset" to "../../../../../../Users/Ben/Documents/Unreal Projects/Felinity/Content/StarterContent/Textures/T_Wood_Oak_D.uasset"
[2016.02.20-05.52.25:712][  0]LogPackFactory: Copied "../../../Samples/StarterContent/Content/StarterContent/Textures/T_Wood_Oak_N.uasset" to "../../../../../../Users/Ben/Documents/Unreal Projects/Felinity/Content/StarterContent/Textures/T_Wood_Oak_N.uasset"
[2016.02.20-05.52.25:742][  0]LogPackFactory: Copied "../../../Samples/StarterContent/Content/StarterContent/Textures/T_Wood_Pine_D.uasset" to "../../../../../../Users/Ben/Documents/Unreal Projects/Felinity/Content/StarterContent/Textures/T_Wood_Pine_D.uasset"
[2016.02.20-05.52.25:757][  0]LogPackFactory: Copied "../../../Samples/StarterContent/Content/StarterContent/Textures/T_Wood_Pine_N.uasset" to "../../../../../../Users/Ben/Documents/Unreal Projects/Felinity/Content/StarterContent/Textures/T_Wood_Pine_N.uasset"
[2016.02.20-05.52.25:779][  0]LogPackFactory: Copied "../../../Samples/StarterContent/Content/StarterContent/Textures/T_Wood_Walnut_D.uasset" to "../../../../../../Users/Ben/Documents/Unreal Projects/Felinity/Content/StarterContent/Textures/T_Wood_Walnut_D.uasset"
[2016.02.20-05.52.25:795][  0]LogPackFactory: Copied "../../../Samples/StarterContent/Content/StarterContent/Textures/T_Wood_Walnut_N.uasset" to "../../../../../../Users/Ben/Documents/Unreal Projects/Felinity/Content/StarterContent/Textures/T_Wood_Walnut_N.uasset"
[2016.02.20-05.52.25:871][  0]LogRenderer: Reallocating scene render targets to support 256x256 (Frame:2).
[2016.02.20-05.52.25:921][  0]LogSavePackage: Save=11.267137ms
[2016.02.20-05.52.25:921][  0]LogSavePackage: Moving '../../../../../../Users/Ben/Documents/Unreal Projects/Felinity/Saved/Floor_400x40022F23CCF4D0EA2F62CEC6B8780E69CE6.tmp' to '../../../../../../Users/Ben/Documents/Unreal Projects/Felinity/Content/StarterContent/Architecture/Floor_400x400.uasset'
[2016.02.20-05.52.25:926][  0]LogSavePackage: Total save time: 21.182232ms
[2016.02.20-05.52.25:926][  0]LogSavePackage:Display: Finished SavePackage ../../../../../../Users/Ben/Documents/Unreal Projects/Felinity/Content/StarterContent/Architecture/Floor_400x400.uasset
[2016.02.20-05.52.25:926][  0]LogFeaturePack:Warning: Inserted 1 feature packs
[2016.02.20-05.52.25:929][  0]Cmd: MAP LOAD FILE="../../../../../../Users/Ben/Documents/Unreal Projects/Felinity/Content/FirstPersonBP/Maps/FirstPersonExampleMap.umap" TEMPLATE=0 SHOWPROGRESS=1 FEATURELEVEL=3
[2016.02.20-05.52.25:929][  0]LightingResults: New page: Lighting Build
[2016.02.20-05.52.25:931][  0]MapCheck: New page: Map Check
[2016.02.20-05.52.25:931][  0]LightingResults: New page: Lighting Build
[2016.02.20-05.52.25:943][  0]LogParticles: Destroying 0 GPU particle simulations for FXSystem 0x00000224F40EFB00
[2016.02.20-05.52.26:043][  0]LogLinker:Warning: Asset '../../../../../../Users/Ben/Documents/Unreal Projects/Felinity/Content/FirstPerson/Meshes/FirstPersonProjectileMesh.uasset' has been saved with empty engine version. The asset will be loaded but may be incompatible.
[2016.02.20-05.52.26:350][  0]LogAIModule: Creating AISystem for world FirstPersonExampleMap
[2016.02.20-05.52.26:357][  0]LogEditorServer: Finished looking for orphan Actors (0.000 secs)
[2016.02.20-05.52.26:358][  0]Cmd: MAP CHECKDEP NOCLEARLOG
[2016.02.20-05.52.26:399][  0]MapCheck: Info Map check complete: 0 Error(s), 0 Warning(s), took 41.378ms to complete.
[2016.02.20-05.52.26:399][  0]LogFileHelpers: Loading map 'FirstPersonExampleMap' took 0.471
[2016.02.20-05.52.26:569][  0]LogCollectionManager: Loaded 0 collections in 0.001034 seconds
[2016.02.20-05.52.26:610][  0]LogFileCache: Scanning file cache for directory 'C:/Users/Ben/Documents/Unreal Projects/Felinity/Saved/Collections/' took 0.01s
[2016.02.20-05.52.26:610][  0]LogFileCache: Scanning file cache for directory 'C:/Users/Ben/Documents/Unreal Projects/Felinity/Content/Developers/Ben/Collections/' took 0.01s
[2016.02.20-05.52.26:610][  0]LogFileCache: Scanning file cache for directory 'C:/Users/Ben/Documents/Unreal Projects/Felinity/Content/Collections/' took 0.01s
[2016.02.20-05.52.26:610][  0]LogCollectionManager: Rebuilt the GUID cache for 0 collections in 0.000002 seconds
[2016.02.20-05.52.26:617][  0]LogContentBrowser: Native class hierarchy populated in 0.0069 seconds. Added 1893 classes and 338 folders.
[2016.02.20-05.52.26:622][  0]LogContentBrowser: Native class hierarchy updated for 'WidgetCarousel' in 0.0006 seconds. Added 0 classes and 0 folders.
[2016.02.20-05.52.26:685][  0]LogContentBrowser: Native cl